Sun Aug 26 11:14:57 PDT 2018
fit-nid00401-arrIdx-23 start-jid 14374556
SLURM_CLUSTER_NAME=cori kfoldOff=5
0e9381d335e4c60cb1427cc503b53562  train_Plasmid.py
PWD=/global/cscratch1/sd/andreopo/plasmid4k-23
total 7
-rw-rw---- 1 andreopo andreopo 20799 Jul 29 18:10 Deep_Plasmid.py
-rw-rw-r-- 1 andreopo andreopo  8105 Apr 30 14:17 Oracle_Plasmid.py
-rw-rw-r-- 1 andreopo andreopo 12280 May  7 06:42 Plotter_Plasmid.py
-rw-rw-r-- 1 andreopo andreopo  2881 Apr 30 12:20 Util_Plasmid.py
-rw-rw-r-- 1 andreopo andreopo  1661 Aug 26 11:04 batchTrain.slr
drwxrwx--- 2 andreopo andreopo  4096 Aug 26 09:48 data
-rwxrwxr-x 1 andreopo andreopo  4000 Apr 30 12:20 train_Plasmid.py
Sun Aug 26 11:18:12 PDT 2018
             total       used       free     shared    buffers     cached
Mem:           125          8        117          0          0          1
-/+ buffers/cache:          6        119
Swap:            0          0          0
top - 11:18:12 up 5 days, 11:42,  0 users,  load average: 0.97, 0.51, 0.21
Tasks: 895 total,   2 running, 893 sleeping,   0 stopped,   0 zombie
%Cpu(s):  4.6 us,  0.4 sy,  0.0 ni, 94.9 id,  0.1 wa,  0.0 hi,  0.0 si,  0.0 st
KiB Mem:  13189961+total,  9007696 used, 12289192+free,     6572 buffers
KiB Swap:        0 total,        0 used,        0 free.  2078316 cached Mem

  PID USER      PR  NI    VIRT    RES    SHR S   %CPU  %MEM     TIME+ COMMAND
65219 andreopo  20   0 5602952 4.524g  45604 R 100.00 3.597   2:50.97 python
65327 andreopo  20   0   32892   3116   2012 R  5.882 0.002   0:00.03 top
Sun Aug 26 11:35:12 PDT 2018
             total       used       free     shared    buffers     cached
Mem:           125         10        114          0          0          2
-/+ buffers/cache:          8        116
Swap:            0          0          0
top - 11:35:12 up 5 days, 11:59,  0 users,  load average: 15.37, 13.37, 8.86
Tasks: 893 total,   1 running, 892 sleeping,   0 stopped,   0 zombie
%Cpu(s):  4.6 us,  0.4 sy,  0.0 ni, 94.9 id,  0.1 wa,  0.0 hi,  0.0 si,  0.0 st
KiB Mem:  13189961+total, 11445280 used, 12045433+free,     6572 buffers
KiB Swap:        0 total,        0 used,        0 free.  2124912 cached Mem

  PID USER      PR  NI    VIRT    RES    SHR S   %CPU  %MEM     TIME+ COMMAND
65219 andreopo  20   0 15.714g 6.765g  51828 S 629.41 5.378 205:32.57 python
  968 andreopo  20   0   32880   3196   2140 R 17.647 0.002   0:00.03 top
done-Sun Aug 26 20:11:28 PDT 2018
