Sun Aug 26 11:14:58 PDT 2018
fit-nid00405-arrIdx-26 start-jid 14374559
SLURM_CLUSTER_NAME=cori kfoldOff=2
0e9381d335e4c60cb1427cc503b53562  train_Plasmid.py
PWD=/global/cscratch1/sd/andreopo/plasmid4k-26
total 7
-rw-rw---- 1 andreopo andreopo 20799 Jul 29 18:10 Deep_Plasmid.py
-rw-rw-r-- 1 andreopo andreopo  8105 Apr 30 14:17 Oracle_Plasmid.py
-rw-rw-r-- 1 andreopo andreopo 12280 May  7 06:42 Plotter_Plasmid.py
-rw-rw-r-- 1 andreopo andreopo  2881 Apr 30 12:20 Util_Plasmid.py
-rw-rw-r-- 1 andreopo andreopo  1661 Aug 26 11:04 batchTrain.slr
drwxrwx--- 2 andreopo andreopo  4096 Aug 26 09:48 data
-rwxrwxr-x 1 andreopo andreopo  4000 Apr 30 12:20 train_Plasmid.py
Sun Aug 26 11:18:08 PDT 2018
             total       used       free     shared    buffers     cached
Mem:           125          8        117          0          0          1
-/+ buffers/cache:          6        119
Swap:            0          0          0
top - 11:18:09 up 5 days, 11:42,  0 users,  load average: 0.97, 0.49, 0.20
Tasks: 877 total,   2 running, 875 sleeping,   0 stopped,   0 zombie
%Cpu(s):  4.1 us,  0.2 sy,  0.0 ni, 95.5 id,  0.1 wa,  0.0 hi,  0.0 si,  0.0 st
KiB Mem:  13189961+total,  9179636 used, 12271998+free,     6740 buffers
KiB Swap:        0 total,        0 used,        0 free.  2083500 cached Mem

  PID USER      PR  NI    VIRT    RES    SHR S   %CPU  %MEM     TIME+ COMMAND
 3554 andreopo  20   0 5603856 4.446g  45604 R 100.00 3.534   2:49.53 python
 3663 andreopo  20   0   32880   3208   2140 R  5.882 0.002   0:00.02 top
Sun Aug 26 11:35:09 PDT 2018
             total       used       free     shared    buffers     cached
Mem:           125         11        114          0          0          2
-/+ buffers/cache:          9        116
Swap:            0          0          0
top - 11:35:10 up 5 days, 11:59,  0 users,  load average: 15.14, 12.77, 8.74
Tasks: 875 total,   1 running, 874 sleeping,   0 stopped,   0 zombie
%Cpu(s):  4.2 us,  0.2 sy,  0.0 ni, 95.5 id,  0.1 wa,  0.0 hi,  0.0 si,  0.0 st
KiB Mem:  13189961+total, 11710736 used, 12018888+free,     6740 buffers
KiB Swap:        0 total,        0 used,        0 free.  2130580 cached Mem

  PID USER      PR  NI    VIRT    RES    SHR S   %CPU  %MEM     TIME+ COMMAND
 3554 andreopo  20   0 15.715g 6.771g  51948 S 629.41 5.383 204:27.09 python
 4387 andreopo  20   0   32880   3204   2140 R 11.765 0.002   0:00.02 top
done-Sun Aug 26 19:41:38 PDT 2018
