Thu Apr 19 23:36:25 PDT 2018
fit-nid00431-arrIdx-23 start-jid 11723981
SLURM_CLUSTER_NAME=cori kfoldOff=3
0e9381d335e4c60cb1427cc503b53562  train_Plasmid.py
PWD=/global/cscratch1/sd/andreopo/plasmid4g-23
total 7
-rw-rw---- 1 andreopo andreopo 19736 Apr 19 14:23 Deep_Plasmid.py
-rw-rw---- 1 andreopo andreopo  8105 Apr 19 14:57 Oracle_Plasmid.py
-rw-rw---- 1 andreopo andreopo 12200 Apr 19 14:57 Plotter_Plasmid.py
-rw-rw---- 1 andreopo andreopo  2881 Apr 19 14:23 Util_Plasmid.py
-rw-rw---- 1 andreopo andreopo  1652 Apr 19 22:41 batchTrain.slr
drwxrwx--- 2 andreopo andreopo  4096 Apr 19 22:39 data
-rwxrwx--- 1 andreopo andreopo  4000 Apr 19 14:57 train_Plasmid.py
Thu Apr 19 23:39:26 PDT 2018
             total       used       free     shared    buffers     cached
Mem:           125         17        107          0          0         11
-/+ buffers/cache:          6        118
Swap:            0          0          0
top - 23:39:26 up 28 days, 11:35,  0 users,  load average: 4.86, 2.60, 3.01
Tasks: 894 total,   1 running, 893 sleeping,   0 stopped,   0 zombie
%Cpu(s): 15.5 us,  0.2 sy,  0.0 ni, 84.0 id,  0.3 wa,  0.0 hi,  0.0 si,  0.0 st
KiB Mem:  13189937+total, 18902340 used, 11299703+free,    73784 buffers
KiB Swap:        0 total,        0 used,        0 free. 11573744 cached Mem

  PID USER      PR  NI    VIRT    RES    SHR S   %CPU  %MEM     TIME+ COMMAND
51376 andreopo  20   0 14.847g 4.895g  52000 S 1517.6 3.891  12:05.15 python
51645 andreopo  20   0   24676   3112   2012 R  5.882 0.002   0:00.02 top
Thu Apr 19 23:56:26 PDT 2018
             total       used       free     shared    buffers     cached
Mem:           125         17        108          0          0         10
-/+ buffers/cache:          6        119
Swap:            0          0          0
top - 23:56:26 up 28 days, 11:52,  0 users,  load average: 10.30, 11.29, 8.94
Tasks: 892 total,   1 running, 891 sleeping,   0 stopped,   0 zombie
%Cpu(s): 15.5 us,  0.2 sy,  0.0 ni, 84.0 id,  0.3 wa,  0.0 hi,  0.0 si,  0.0 st
KiB Mem:  13189937+total, 18574636 used, 11332473+free,    73784 buffers
KiB Swap:        0 total,        0 used,        0 free. 11358928 cached Mem

  PID USER      PR  NI    VIRT    RES    SHR S   %CPU  %MEM     TIME+ COMMAND
51376 andreopo  20   0 14.811g 4.811g  52000 S 1194.1 3.825 232:33.48 python
52183 andreopo  20   0   24680   3112   2012 R  5.882 0.002   0:00.01 top
done-Fri Apr 20 11:48:36 PDT 2018
