Using TensorFlow backend.
deep-libs1 imported elaT=0.0 sec
deep-libs2 imported, TF.ver=1.3.0, elaT=0.0 sec
myArg: arrIdx 20
myArg: verb 0
myArg: prjName assayer4
myArg: dataPath data
myArg: outPath ./
myArg: seedModel None
myArg: seedWeights None
myArg: kfoldOffset 0
myArg: noXterm True
myArg: epochs 30
myArg: batch_size 200
myArg: events 601000
myArg: dropFrac 0.1
myArg: earlyStopPatience 10
myArg: checkPtOn True
myArg: reduceLearn True
disable Xterm
Plotter_Plasmid : Graphics started
Deep_Plasmid , prj: assayer4
oneHot base, size= 15 , sample:
base: A 1-hot: [1.0, 0.0, 0.0, 0.0]
base: C 1-hot: [0.0, 1.0, 0.0, 0.0]
base: T 1-hot: [0.0, 0.0, 1.0, 0.0]
base: G 1-hot: [0.0, 0.0, 0.0, 1.0]
all bases : ['A', 'C', 'T', 'G', 'N', 'Y', 'K', 'M', 'V', 'S', 'H', 'R', 'W', 'B', 'D']
use seqLenCut= 300
Deep_Plasmid , prj: assayer4
globFeatureL 10 fixed order: ['gc_content', 'len_sequence', 'A_longestHomopol', 'A_totalLongHomopol', 'C_longestHomopol', 'C_totalLongHomopol', 'T_longestHomopol', 'T_totalLongHomopol', 'G_longestHomopol', 'G_totalLongHomopol']

prep_labeled scaffolds from: data/assayer4.plasm-scaff-split.yml
  read  yaml: data/assayer4.plasm-scaff-split.yml  size=7   elaT=0.7 sec
  role: plasm segL: 4  dom: val , numSpec: 147 , kfoldOffset= 0
sum3= 99999  numScaff= 147
   request  numSamples= 37562 val plasm
1 scaff: NC_000906.2 plasm size/B=8506 numSampl=164 got=164=164
2 scaff: NC_000956.1 plasm size/B=52971 numSampl=332 got=332=332
3 scaff: NC_001390.1 plasm size/B=2355 numSampl=110 got=110=110
4 scaff: NC_001476.1 plasm size/B=12887 numSampl=190 got=190=190
   completed role= plasm ,got numSamples= 37562
prep: val plasm  completed, elaT=0.8 sec , gotSamples= 37562

prep_labeled scaffolds from: data/assayer4.plasm-scaff-split.yml
  read  yaml: data/assayer4.plasm-scaff-split.yml  size=7   elaT=0.7 sec
  role: plasm segL: [0, 1, 2, 3]  dom: train , numSpec: 662 , kfoldOffset= 0
sum3= 100000  numScaff= 662
   request  numSamples= 300500 train plasm
1 scaff: NC_000957.1 plasm size/B=5228 numSampl=249 got=249=249
2 scaff: NC_000959.1 plasm size/B=45704 numSampl=559 got=559=559
3 scaff: NC_001272.2 plasm size/B=6578 numSampl=269 got=269=269
4 scaff: NC_001370.1 plasm size/B=2140 numSampl=192 got=192=192
500 scaff: NC_009619.1 plasm size/B=30429 numSampl=473 got=473=473
   completed role= plasm ,got numSamples= 300482
prep: train plasm  completed, elaT=1.5 sec , gotSamples= 300482

prep_labeled scaffolds from: data/assayer4.main-scaff-split.yml
  read  yaml: data/assayer4.main-scaff-split.yml  size=7   elaT=7.3 sec
  role: main segL: 4  dom: val , numSpec: 1646 , kfoldOffset= 0
sum3= 100016  numScaff= 1646
   request  numSamples= 37562 val main
1 scaff: NZ_AAAM04000255.1 main size/B=2851 numSampl=11 got=11=11
2 scaff: NZ_AAMD01000365.1 main size/B=2826 numSampl=11 got=11=11
3 scaff: NZ_AAQF01000075.1 main size/B=21478 numSampl=21 got=21=21
4 scaff: NZ_AARK02000283.1 main size/B=3096 numSampl=11 got=11=11
500 scaff: NZ_CTFN01000092.1 main size/B=56898 numSampl=32 got=32=32
1000 scaff: NZ_JWAS01000124.1 main size/B=2627 numSampl=10 got=10=10
1500 scaff: NZ_MUOK01000010.1 main size/B=4699 numSampl=12 got=12=12
   completed role= main ,got numSamples= 37493
prep: val main  completed, elaT=8.5 sec , gotSamples= 37493

prep_labeled scaffolds from: data/assayer4.main-scaff-split.yml
  read  yaml: data/assayer4.main-scaff-split.yml  size=7   elaT=7.2 sec
  role: main segL: [0, 1, 2, 3]  dom: train , numSpec: 6660 , kfoldOffset= 0
sum3= 100023  numScaff= 6660
   request  numSamples= 300500 train main
1 scaff: NZ_AAJV02000015.1 main size/B=110174 numSampl=83 got=83=83
2 scaff: NZ_AAVW01000162.1 main size/B=2811 numSampl=21 got=21=21
3 scaff: NZ_AAXV01000012.1 main size/B=112443 numSampl=84 got=84=84
4 scaff: NZ_ABCF01000014.1 main size/B=60826 numSampl=64 got=64=64
500 scaff: NZ_CSRI01000209.1 main size/B=5804 numSampl=26 got=26=26
1000 scaff: NZ_JXEJ01000052.1 main size/B=21712 numSampl=42 got=42=42
1500 scaff: NZ_MXDC01000200.1 main size/B=6986 numSampl=28 got=28=28
2000 scaff: NZ_CLTP01000021.1 main size/B=40492 numSampl=54 got=54=54
2500 scaff: NZ_JNVW01000078.1 main size/B=2185 numSampl=19 got=19=19
3000 scaff: NZ_LYCG01000352.1 main size/B=9812 numSampl=31 got=31=31
3500 scaff: NZ_AWKS01000144.1 main size/B=11707 numSampl=33 got=33=33
4000 scaff: NZ_FRVF01000072.1 main size/B=164501 numSampl=100 got=100=100
4500 scaff: NZ_LLDI01000618.1 main size/B=6380 numSampl=27 got=27=27
5000 scaff: NZ_ADSY01000944.1 main size/B=10775 numSampl=32 got=32=32
5500 scaff: NZ_CVYJ01000068.1 main size/B=5601 numSampl=26 got=26=26
6000 scaff: NZ_JVSF01000011.1 main size/B=34998 numSampl=51 got=51=51
6500 scaff: NZ_MSMD01000208.1 main size/B=6929 numSampl=28 got=28=28
   completed role= main ,got numSamples= 299769
prep: train main  completed, elaT=12.7 sec , gotSamples= 299769
   build_training_data: val plasm  numSeq=37562 ...
   build_training_data: val main  numSeq=37493 ...
build_training_data for dom: val Xs,Xf,Y: (75055, 300, 4) (75055, 10) (75055,) SNR=1.002 done
 add noise  0.01  to gloft in val
   build_training_data: train plasm  numSeq=300482 ...
   build_training_data: train main  numSeq=299769 ...
build_training_data for dom: train Xs,Xf,Y: (600251, 300, 4) (600251, 10) (600251,) SNR=1.002 done
 add noise  0.05  to gloft in train
start fresh model
build_model inpA: (?, 300, 4)   inpB: (?, 10)
Dens act= relu  recurDropFrac= 0.05  layerDropFrac= 0.1  idx= 20
 (re)Compile model
____________________________________________________________________________________________________
Layer (type)                     Output Shape          Param #     Connected to                     
====================================================================================================
seq_300_x_4 (InputLayer)         (None, 300, 4)        0                                            
____________________________________________________________________________________________________
globF_10 (InputLayer)            (None, 10)            0                                            
____________________________________________________________________________________________________
A_40 (LSTM)                      (None, 300, 40)       7200        seq_300_x_4[0][0]                
____________________________________________________________________________________________________
G_4 (Dense)                      (None, 4)             44          globF_10[0][0]                   
____________________________________________________________________________________________________
B_40 (LSTM)                      (None, 40)            12960       A_40[0][0]                       
____________________________________________________________________________________________________
H_4 (Dense)                      (None, 4)             20          G_4[0][0]                        
____________________________________________________________________________________________________
seq_glob (Concatenate)           (None, 44)            0           B_40[0][0]                       
                                                                   H_4[0][0]                        
____________________________________________________________________________________________________
C_40 (Dense)                     (None, 40)            1800        seq_glob[0][0]                   
____________________________________________________________________________________________________
fr_0.1 (Dropout)                 (None, 40)            0           C_40[0][0]                       
____________________________________________________________________________________________________
D_20 (Dense)                     (None, 20)            820         fr_0.1[0][0]                     
____________________________________________________________________________________________________
fr_same (Dropout)                (None, 20)            0           D_20[0][0]                       
____________________________________________________________________________________________________
score (Dense)                    (None, 1)             21          fr_same[0][0]                    
====================================================================================================
Total params: 22,865
Trainable params: 22,865
Non-trainable params: 0
____________________________________________________________________________________________________
model (re)compiled elaT=0.1 sec
save model full to .//assayer4.model.h5
  closed  hdf5: .//assayer4.model.h5  size=0.12 MB
train for epochs: 30
enabled EarlyStopping, patience= 10
enabled ModelCheckpoint, period= 1
enabled ReduceLROnPlateau

Train_model X: (600251, 300, 4)  earlyStop= 10  epochs= 30  batch= 200 , data SNR(train)=1.0024, SNR(valid)=1.0018
Train on 600251 samples, validate on 75055 samples
Epoch 1/30
Epoch 00000: val_loss improved from inf to 0.55522, saving model to .//assayer4.weights_best.h5
1566s - loss: 0.5927 - acc: 0.6823 - val_loss: 0.5552 - val_acc: 0.7324
Epoch 2/30
Epoch 00001: val_loss improved from 0.55522 to 0.54731, saving model to .//assayer4.weights_best.h5
1562s - loss: 0.5666 - acc: 0.7063 - val_loss: 0.5473 - val_acc: 0.7416
Epoch 3/30
Epoch 00002: val_loss improved from 0.54731 to 0.54155, saving model to .//assayer4.weights_best.h5
1563s - loss: 0.5618 - acc: 0.7088 - val_loss: 0.5415 - val_acc: 0.7392
Epoch 4/30
Epoch 00003: val_loss improved from 0.54155 to 0.53037, saving model to .//assayer4.weights_best.h5
1564s - loss: 0.5560 - acc: 0.7131 - val_loss: 0.5304 - val_acc: 0.7475
Epoch 5/30
Epoch 00004: val_loss did not improve
1564s - loss: 0.5528 - acc: 0.7148 - val_loss: 0.5348 - val_acc: 0.7413
Epoch 6/30
Epoch 00005: val_loss did not improve
1563s - loss: 0.5509 - acc: 0.7162 - val_loss: 0.5340 - val_acc: 0.7450
Epoch 7/30
Epoch 00006: val_loss did not improve
1564s - loss: 0.5483 - acc: 0.7168 - val_loss: 0.5350 - val_acc: 0.7441
Epoch 8/30
Epoch 00007: val_loss did not improve
1564s - loss: 0.5461 - acc: 0.7187 - val_loss: 0.5446 - val_acc: 0.7394
Epoch 9/30
Epoch 00008: val_loss did not improve

Epoch 00008: reducing learning rate to 0.0003000000142492354.
1564s - loss: 0.5441 - acc: 0.7196 - val_loss: 0.5489 - val_acc: 0.7346
Epoch 10/30
Epoch 00009: val_loss did not improve
1562s - loss: 0.5440 - acc: 0.7198 - val_loss: 0.5397 - val_acc: 0.7428
Epoch 11/30
Epoch 00010: val_loss did not improve
1564s - loss: 0.5427 - acc: 0.7205 - val_loss: 0.5398 - val_acc: 0.7456
Epoch 12/30
Epoch 00011: val_loss did not improve
1562s - loss: 0.5407 - acc: 0.7222 - val_loss: 0.5417 - val_acc: 0.7478
Epoch 13/30
Epoch 00012: val_loss did not improve

Epoch 00012: reducing learning rate to 9.000000427477062e-05.
1563s - loss: 0.5385 - acc: 0.7236 - val_loss: 0.5458 - val_acc: 0.7465
Epoch 14/30
Epoch 00013: val_loss did not improve
1565s - loss: 0.5366 - acc: 0.7249 - val_loss: 0.5391 - val_acc: 0.7504
Epoch 15/30
Epoch 00014: val_loss did not improve
1564s - loss: 0.5361 - acc: 0.7259 - val_loss: 0.5416 - val_acc: 0.7489
Epoch 00014: early stopping

 Validation Acc:0.732 -->0.749 , end-loss:0.542  15 epochs, idx=20 , fit time=392.9 min
save model full to .//assayer4.model.h5
  closed  hdf5: .//assayer4.model.h5  size=0.31 MB
  closed  yaml: .//assayer4.history.yml  size=0.00 MB   elaT=0.0 sec
sss 15 15 15
sss2 15
Produce AUC of ROC, domain= val Y shape (75055,) [ 0.  0.  0.  0.  0.  0.]
AUC: 0.807946 , save: .//val.AUC.csv
found fpr= 0.100018670152 , tpr= 0.506123209627 , LR+= 5.06028733294
Graphics saving to .//idx20_assayer4_train_f10 PDF ...
	Command being timed: "python -u ./train_Plasmid.py --epochs 30 --events 601000 --arrIdx 20 --checkPt --kfoldOffset 0 --verbosity 0 --noXterm --reduceLr --outPath ./"
	User time (seconds): 224258.45
	System time (seconds): 69220.52
	Percent of CPU this job got: 1237%
	Elapsed (wall clock) time (h:mm:ss or m:ss): 6:35:15
	Average shared text size (kbytes): 0
	Average unshared data size (kbytes): 0
	Average stack size (kbytes): 0
	Average total size (kbytes): 0
	Maximum resident set size (kbytes): 5447112
	Average resident set size (kbytes): 0
	Major (requiring I/O) page faults: 14454
	Minor (reclaiming a frame) page faults: 8101109776
	Voluntary context switches: 3715782712
	Involuntary context switches: 7028043
	Swaps: 0
	File system inputs: 740
	File system outputs: 3088
	Socket messages sent: 0
	Socket messages received: 0
	Signals delivered: 0
	Page size (bytes): 4096
	Exit status: 0
0e9381d335e4c60cb1427cc503b53562  train_Plasmid.py
it was JID 11723876
