Thu Apr 19 23:33:35 PDT 2018
fit-nid00332-arrIdx-20 start-jid 11723876
SLURM_CLUSTER_NAME=cori kfoldOff=0
0e9381d335e4c60cb1427cc503b53562  train_Plasmid.py
PWD=/global/cscratch1/sd/andreopo/plasmid4g-20
total 7
-rw-rw---- 1 andreopo andreopo 19736 Apr 19 14:23 Deep_Plasmid.py
-rw-rw---- 1 andreopo andreopo  8105 Apr 19 14:57 Oracle_Plasmid.py
-rw-rw---- 1 andreopo andreopo 12200 Apr 19 14:57 Plotter_Plasmid.py
-rw-rw---- 1 andreopo andreopo  2881 Apr 19 14:23 Util_Plasmid.py
-rw-rw---- 1 andreopo andreopo  1652 Apr 19 22:41 batchTrain.slr
drwxrwx--- 2 andreopo andreopo  4096 Apr 19 22:39 data
-rwxrwx--- 1 andreopo andreopo  4000 Apr 19 14:57 train_Plasmid.py
Thu Apr 19 23:36:38 PDT 2018
             total       used       free     shared    buffers     cached
Mem:           125         14        110          0          0          7
-/+ buffers/cache:          7        118
Swap:            0          0          0
top - 23:36:38 up 28 days, 11:33,  0 users,  load average: 6.55, 3.20, 3.32
Tasks: 904 total,   2 running, 902 sleeping,   0 stopped,   0 zombie
%Cpu(s):  4.0 us,  0.1 sy,  0.0 ni, 95.7 id,  0.1 wa,  0.0 hi,  0.0 si,  0.0 st
KiB Mem:  13189937+total, 15340756 used, 11655861+free,     8520 buffers
KiB Swap:        0 total,        0 used,        0 free.  8168388 cached Mem

  PID USER      PR  NI    VIRT    RES    SHR S   %CPU  %MEM     TIME+ COMMAND
61177 andreopo  20   0 14.804g 4.815g  51964 R 1625.0 3.828  11:26.70 python
61445 andreopo  20   0   24676   3120   2012 R  6.250 0.002   0:00.02 top
Thu Apr 19 23:53:38 PDT 2018
             total       used       free     shared    buffers     cached
Mem:           125         14        111          0          0          7
-/+ buffers/cache:          6        119
Swap:            0          0          0
top - 23:53:38 up 28 days, 11:50,  0 users,  load average: 8.69, 9.00, 7.07
Tasks: 897 total,   1 running, 896 sleeping,   0 stopped,   0 zombie
%Cpu(s):  4.0 us,  0.1 sy,  0.0 ni, 95.7 id,  0.1 wa,  0.0 hi,  0.0 si,  0.0 st
KiB Mem:  13189937+total, 15443148 used, 11645622+free,     8520 buffers
KiB Swap:        0 total,        0 used,        0 free.  8126700 cached Mem

  PID USER      PR  NI    VIRT    RES    SHR S   %CPU  %MEM     TIME+ COMMAND
61177 andreopo  20   0 14.804g 4.955g  51964 S 1281.2 3.939 222:56.55 python
61985 andreopo  20   0   24676   3116   2012 R  6.250 0.002   0:00.02 top
done-Fri Apr 20 06:08:54 PDT 2018
