Sun Aug 26 11:14:57 PDT 2018
fit-nid00400-arrIdx-22 start-jid 14374555
SLURM_CLUSTER_NAME=cori kfoldOff=4
0e9381d335e4c60cb1427cc503b53562  train_Plasmid.py
PWD=/global/cscratch1/sd/andreopo/plasmid4k-22
total 7
-rw-rw---- 1 andreopo andreopo 20799 Jul 29 18:10 Deep_Plasmid.py
-rw-rw-r-- 1 andreopo andreopo  8105 Apr 30 14:17 Oracle_Plasmid.py
-rw-rw-r-- 1 andreopo andreopo 12280 May  7 06:42 Plotter_Plasmid.py
-rw-rw-r-- 1 andreopo andreopo  2881 Apr 30 12:20 Util_Plasmid.py
-rw-rw-r-- 1 andreopo andreopo  1661 Aug 26 11:04 batchTrain.slr
drwxrwx--- 2 andreopo andreopo  4096 Aug 26 09:48 data
-rwxrwxr-x 1 andreopo andreopo  4000 Apr 30 12:20 train_Plasmid.py
Sun Aug 26 11:18:12 PDT 2018
             total       used       free     shared    buffers     cached
Mem:           125         15        110          0          0          8
-/+ buffers/cache:          6        119
Swap:            0          0          0
top - 11:18:12 up 5 days, 11:42,  0 users,  load average: 0.96, 0.52, 0.57
Tasks: 880 total,   2 running, 878 sleeping,   0 stopped,   0 zombie
%Cpu(s):  5.6 us,  0.2 sy,  0.0 ni, 94.2 id,  0.0 wa,  0.0 hi,  0.0 si,  0.0 st
KiB Mem:  13189961+total, 16008708 used, 11589091+free,     8412 buffers
KiB Swap:        0 total,        0 used,        0 free.  8949384 cached Mem

  PID USER      PR  NI    VIRT    RES    SHR S   %CPU  %MEM     TIME+ COMMAND
 3774 andreopo  20   0 5603696 4.420g  45604 R 94.444 3.514   2:51.47 python
 3882 andreopo  20   0   32880   3188   2140 R  5.556 0.002   0:00.02 top
Sun Aug 26 11:35:12 PDT 2018
             total       used       free     shared    buffers     cached
Mem:           125         17        108          0          0          8
-/+ buffers/cache:          9        116
Swap:            0          0          0
top - 11:35:12 up 5 days, 11:59,  0 users,  load average: 18.09, 13.77, 8.95
Tasks: 878 total,   1 running, 877 sleeping,   0 stopped,   0 zombie
%Cpu(s):  5.6 us,  0.2 sy,  0.0 ni, 94.2 id,  0.0 wa,  0.0 hi,  0.0 si,  0.0 st
KiB Mem:  13189961+total, 18595888 used, 11330372+free,     8412 buffers
KiB Swap:        0 total,        0 used,        0 free.  8996644 cached Mem

  PID USER      PR  NI    VIRT    RES    SHR S   %CPU  %MEM     TIME+ COMMAND
 3774 andreopo  20   0 15.715g 6.794g  51844 S 576.47 5.401 203:55.56 python
 4561 andreopo  20   0   32880   3188   2140 R 11.765 0.002   0:00.03 top
done-Sun Aug 26 19:55:16 PDT 2018
