  357  docker run -it billandreo/keras:latest /bin/bash
  358  l jgi-ml/classifier/
  359  ls jgi-ml/classifier/
  360  vi Dockerfile 
  361  docker build -t billandreo/keras .
  362  docker run -it billandreo/keras:latest /b
  363  vi Dockerfile 
  364  docker build -t billandreo/keras .
  365  docker run -it billandreo/keras:latest
  366  history | grep scp
  367  scp Dockerfile andreopo@gpint210.nersc.gov:/global/projectb/sandbox/rqc/andreopo/src/bitbucket/jgi-ml/classifier/
  368  vi ../subread/cmds_gitlab.log 
  369  docker build -t billandreo/mlplasmid .
  370  vi Dockerfile 
  371  docker build -t billandreo/mlplasmid .
  372  docker image
  373  docker images
  374  docker rmi b14fbf7ace36
  375  docker ps -qa
  376  docker ps -a
  377  docker ps -q
  378  docker kill a0b2a805c5d5
  379  docker images
  380  docker images -a -q
  381  docker images -a
  382  docker images
  383  docker rmi f553d00d08ac
  384  docker rmi b14fbf7ace36
  385  docker_clean_ps
  386  docker rm  a0b2a805c5d5
  387  docker rmi b14fbf7ace36
  388  docker images
  389  docker build -t billandreo/mlplasmid .
  390  docker images
  391  docker push billandreo/mlplasmid
  392  docker run -it billandreo/keras:latest
  393  docker run -it billandreo/mlplasmid:latest
  394  history > cmds.log
  395  vi ../subread/cmds_gitlab.log 
  396  docker tag
  397  vi ../subread/cmds_gitlab.log 
  398  docker inspect billandreo/mlplasmid
  399  docker inspect billandreo/mlplasmid | more
  400   
  401  ls -latr
  402  pwd
  403  ls
  404  history | grep ssh
  405  ssh  -Y  andreopo@cori.nersc.gov
  406  pwd
  407  pwd
  408  vi Dockerfile 
  409  vi cmds.log 
  410  vi cmds.log 
  411  cat cmds.log 
  412  cat Dockerfile 
  413  git clone https://wandreopoulos@bitbucket.org/wandreopoulos/jgi-ml.git
  414  git clone https://wandreopoulos@bitbucket.org/wandreopoulos/jgi-ml.git jgi-ml2
  415  ls
  416  ls -lare jgi-ml2
  417  ls -lart jgi-ml2/classifier/
  418  cd jgi-ml2
  419  git branch
  420  git checkout develop
  421  ls -latr
  422  cd classifier/
  423  ls
  424  ls -latr
  425  vi Dockerfile 
  426  cd testing/
  427  ls
  428  vi test_mlplasmids.py 
  429  cat ../../../cmds.log 
  430  docker login
  431  docker build -t billandreo/mlplasmid .
  432  cd ..
  433  docker build -t billandreo/mlplasmid .
  434  vi Dockerfile 
  435  docker build -t billandreo/mlplasmid .
  436  vi Dockerfile 
  437  docker build -t billandreo/mlplasmid .
  438  docker push billandreo/mlplasmid:latest
  439  cat Dockerfile 
  440  mkdir models
  441  scp -r andreopo@cori.nersc.gov:/global/cscratch1/sd/andreopo/plasmid_sum/4g/plasmid4g-* ./models/
  442  rm -rf ./models/plasmid4g-2?/*yml
  443  rm -rf ./models/plasmid4g-2?/*py
  444  l
  445  ls -latr
  446  ls -latr ./models/
  447  ls -latr ./models/plasmid4g-20
  448  ls -latr ./models/plasmid4g-2?/__pycache__
  449  rm -rf ./models/plasmid4g-2?/__pycache__
  450  l
  451  rm -rf ./models/plasmid4g-2?/
  452  ls -latr ./models/
  453  scp -r andreopo@cori.nersc.gov:/global/cscratch1/sd/andreopo/plasmid_sum/4g/plasmid4g-20 ./models/
  454  rm -rf models/plasmid4g-20/*pyc
  455  rm -rf models/plasmid4g-20/*yml
  456  rm -rf models/plasmid4g-20/__pycache__
  457  ls -latr models/plasmid4g-20/
  458  ls -latr models/plasmid4g-20/data/
  459  rm -rf models/plasmid4g-20/data/
  460  vi Dockerfile 
  461  history | grep dock
  462  docker build -t billandreo/mlplasmid .
  463  docker build -t billandreo/mlplasmid .
  464  docker build -t billandreo/mlplasmid .
  465  docker build -t billandreo/mlplasmid .
  466  history | grep dock
  467  docker push billandreo/mlplasmid:latest
  468  ls -latr
  469  cat feature_DL_plasmid_predict.sh 
  470  tail Dockerfile 
  471  vi feature_DL_plasmid_predict.sh 
  472  vi Dockerfile 
  473  vi Dockerfile 
  474  vi feature_DL_plasmid_predict.sh 
  475  l models/plasmid4g-20/
  476  ls models/plasmid4g-20/
  477  ls -latr
  478  vi Dockerfile 
  479  history | grep dock
  480  docker build -t billandreo/mlplasmid .
  481  history | grep dock
  482  docker push billandreo/mlplasmid:latest
  483  ls -latr
  484  pwd
  485  git diff testing/test_mlplasmids.py 
  486  ls -latr models/
  487  git add models/
  488  git add models/plasmid4g-20/
  489  git add models/plasmid4g-20/*h5
  490  ls -latr
  491  git commit -a -m "models"
  492  git branch
  493  git push -u origin develop
  494  pwd
  495  ls -latr
  496  docker inspect billandreo/mlplasmid | more
  497  docker ps
  498  docker ps -a
  499  docker images
  500  ssh andreopo@denovo1.nersc.gov
  501  history | grep cori
  502  find . -name jgi-ml2 -type d
  503  history
  504  history | grep jgi-ml
  505  cd ./gitlab-advanced/keras/jgi-ml2
  506  ls -altr
  507  cd classifier/
  508  ls
  509  ls -latr
  510  pwd
  511  cp Dockerfile Dockerfile.BAK2
  512  vi Dockerfile
  513  vi Dockerfile
  514  cp feature_DL_plasmid_predict.sh feature_DL_plasmid_predict.sh2
  515  diff Dockerfile Dockerfile.BAK2 
  516  vi feature_DL_plasmid_predict.sh
  517  l
  518  ls -alrt
  519  vi feature_DL_plasmid_predict.sh
  520  vi Dockerfile
  521  vi feature_DL_plasmid_predict.sh
  522  vi Dockerfile
  523  vi feature_DL_plasmid_predict.sh
  524  vi Dockerfile
  525  cat cmds_docker2.log 
  526  git branch
  527  grep git cmds_docker2.log 
  528  git commit -a
  529  git push -u origin develop
  530  grep docker cmds_docker2.log 
  531  docker build -t billandreo/mlplasmid .
  532  docker ps
  533  docker images
  534  docker ps
  535  docker ps -a
  536  docker images
  537  docker build -t billandreo/mlplasmid .
  538  docker build -t billandreo/mlplasmid .
  539  docker build -t billandreo/mlplasmid .
  540  cat cmds_docker2.log 
  541  docker run -it     -v /Users/andreopo/Downloads/gitlab-advanced/keras/jgi-ml2/classifier/testing/ALL2.fasta:/srv/jgi-ml/classifier/testing/ALL.fasta -v /Users/andreopo/Downloads/gitlab-advanced/keras/jgi-ml2/classifier/OUT:/srv/jgi-ml/classifier/OUT/  billandreo/mlplasmid:latest
  542  docker run -it     -v /Users/andreopo/Downloads/gitlab-advanced/keras/jgi-ml2/classifier/testing/ALL2.fasta:/srv/jgi-ml/classifier/testing/ALL.fasta -v /Users/andreopo/Downloads/gitlab-advanced/keras/jgi-ml2/classifier/OUT:/srv/jgi-ml/classifier/OUT/  billandreo/mlplasmid:latest  /srv/jgi-ml/classifier/feature_DL_plasmid_predict.sh
  543  docker run -it     -v /Users/andreopo/Downloads/gitlab-advanced/keras/jgi-ml2/classifier/testing/ALL2.fasta:/srv/jgi-ml/classifier/testing/ALL.fasta -v /Users/andreopo/Downloads/gitlab-advanced/keras/jgi-ml2/classifier/OUT:/srv/jgi-ml/classifier/OUT/  billandreo/mlplasmid:latest  /srv/jgi-ml/classifier/feature_DL_plasmid_predict.sh  /Users/andreopo/Downloads/gitlab-advanced/keras/jgi-ml2/classifier/testing/ALL2.fasta  /Users/andreopo/Downloads/gitlab-advanced/keras/jgi-ml2/classifier/OUT
  544  docker run -it     -v /Users/andreopo/Downloads/gitlab-advanced/keras/jgi-ml2/classifier/testing/ALL2.fasta:/srv/jgi-ml/classifier/testing/ALL.fasta -v /Users/andreopo/Downloads/gitlab-advanced/keras/jgi-ml2/classifier/OUT:/srv/jgi-ml/classifier/OUT/    --entrypoint=/srv/jgi-ml/classifier/feature_DL_plasmid_predict.sh   billandreo/mlplasmid:latest
  545  docker run -it     -v /Users/andreopo/Downloads/gitlab-advanced/keras/jgi-ml2/classifier:/srv/jgi-ml/classifier   --entrypoint=/srv/jgi-ml/classifier/feature_DL_plasmid_predict.sh   billandreo/mlplasmid:latest  testing/ALL.fasta OUT
  546  docker run -it     -v /Users/andreopo/Downloads/gitlab-advanced/keras/jgi-ml2/classifier:/srv/jgi-ml/classifier   --entrypoint=/srv/jgi-ml/classifier/feature_DL_plasmid_predict.sh   billandreo/mlplasmid:latest  testing/ALL2.fasta OUT
  547  vi cmds_docker2.log 
  548  git commit -a
  549  git push -u origin develop
  550  git branch
  551  docker login
  552  docker login
  553  grep push cmds_docker*log
  554  docker push billandreo/mlplasmid:latest
  555  tail cmds_docker2.log 
  556  ls -latr OUT
  557  vi feature_DL_plasmid_predict.sh
  558  vi feature_DL_plasmid_predict.sh
  559  vi Dockerfile
  560  vi feature_DL_plasmid_predict.sh
  561  ls -latr read_fasta2_plasmids.py
  562  git commit -a
  563  git push -u origin develop
  564  history
  565  docker ps
  566  docker ps -a
  567  docker ps -a
  568  docker ps -a
  569  docker ps -a
  570  docker images
  571  cat cmds_docker2.log 
  572  docker build -t billandreo/mlplasmid .
  573  tail cmds_docker2.log 
  574  docker run -it     -v /Users/andreopo/Downloads/gitlab-advanced/keras/jgi-ml2/classifier:/srv/jgi-ml/classifier   --entrypoint=/srv/jgi-ml/classifier/feature_DL_plasmid_predict.sh   billandreo/mlplasmid:latest  testing/ALL2.fasta OUT
  575  docker login
  576  history | grep push
  577  docker push billandreo/mlplasmid:latest
  578  vi feature_DL_plasmid_predict.sh
  579  ls -latr models/
  580  git commit -a
  581  git branch
  582  git push -u origin develop
  583  history
  584  docker build -t billandreo/mlplasmid .
  585   history
  586  docker run -it     billandreo/mlplasmid:latest  feature_DL_plasmid_predict.sh  testing/ALL2.fasta OUT
  587  docker run -it     -v /Users/andreopo/Downloads/gitlab-advanced/keras/jgi-ml2/classifier:/srv/jgi-ml/classifier   billandreo/mlplasmid:latest  feature_DL_plasmid_predict.sh  testing/ALL2.fasta OUT
  588  docker run -it       billandreo/mlplasmid:latest  /srv/jgi-ml/classifier/feature_DL_plasmid_predict.sh  testing/ALL2.fasta OUT
  589  docker run -it     -v /Users/andreopo/Downloads/gitlab-advanced/keras/jgi-ml2/classifier:/srv/jgi-ml/classifier   billandreo/mlplasmid:latest  feature_DL_plasmid_predict.sh  testing/ALL2.fasta OUT
  590  docker run -it     -v /Users/andreopo/Downloads/gitlab-advanced/keras/jgi-ml2/classifier:/srv/jgi-ml/classifier   billandreo/mlplasmid:latest  /srv/jgi-ml/classifier/feature_DL_plasmid_predict.sh  testing/ALL2.fasta OUT
  591  docker run -it     -v /Users/andreopo/Downloads/gitlab-advanced/keras/jgi-ml2/classifier:/srv/jgi-ml/classifier   billandreo/mlplasmid:latest  feature_DL_plasmid_predict.sh  testing/ALL2.fasta OUT
  592  history
  593  vi cmds_docker2.log 
  594  git commit -a
  595  git push -u origin develop
  596  git branch
  597  git push -u origin develop
  598  l
  599  ls -latr
  600  history
  601  docker push billandreo/mlplasmid:latest
  602  tail cmds_docker2.log 
  603  scp testing/ALL2.fasta  andreopo@gpint208.nersc.gov:/global/u2/a/andreopo
  604  tail cmds_docker2.log 
  605  docker run -it     -v /Users/andreopo/Downloads/gitlab-advanced/keras/jgi-ml2/classifier:/srv/jgi-ml/classifier   billandreo/mlplasmid:latest  /srv/jgi-ml/classifier/feature_DL_plasmid_predict.sh  testing/ALL2.fasta OUT
  606  vi feature_DL_plasmid_predict.sh
  607  ls -altr
  608  ls -altr OUT
  609  ls -altr OUT/2018-06-22_13:02:44
  610  ls -altr OUT/dlDataPath/
  611  ls -altr OUT/dlDataPath/assayer4.test-scaff-split.yml 
  612  vi predict_Plasmid.py 
  613  cat cmds_docker2.log 
  614  cp testing/ALL2.fasta testing/ALL3.fasta
  615  vi testing/ALL3.fasta 
  616  docker run -it     -v /Users/andreopo/Downloads/gitlab-advanced/keras/jgi-ml2/classifier:/srv/jgi-ml/classifier   billandreo/mlplasmid:latest  feature_DL_plasmid_predict.sh  testing/ALL2.fasta OUT
  617  docker run -it     -v /Users/andreopo/Downloads/gitlab-advanced/keras/jgi-ml2/classifier:/srv/jgi-ml/classifier   billandreo/mlplasmid:latest  feature_DL_plasmid_predict.sh  testing/ALL3.fasta OUT
  618  vi Deep_Plasmid.py
  619  head testing/ALL3.fasta 
  620  vi Deep_Plasmid.py
  621  python
  622  vi Deep_Plasmid.py
  623  git commit -a
  624  git branch
  625  git push -u origin develop
  626  cat cmds_docker2.log 
  627  docker images
  628  docker ps
  629  docker ps -a
  630  vi cmds_docker2.log 
  631  grep "ocker rm" cmds_docker*log
  632  docker images
  633  docker ps -a
  634  cat cmds_docker2.log 
  635  docker build -t billandreo/mlplasmid .
  636  tail cmds_docker2.log 
  637  docker run -it     -v /Users/andreopo/Downloads/gitlab-advanced/keras/jgi-ml2/classifier:/srv/jgi-ml/classifier   billandreo/mlplasmid:latest  feature_DL_plasmid_predict.sh  testing/ALL2.fasta OUT
  638  grep docker cmds_docker2.log 
  639  grep docker cmds_docker2.log | grep push
  640  docker login
  641  docker login
  642  docker push billandreo/mlplasmid:latest
  643  docker push billandreo/mlplasmid:latest
  644  pwd
  645  docker push billandreo/mlplasmid:latest
  646  docker push billandreo/mlplasmid:latest
  647  git pull
  648  vi Dockerfile_mlmito 
  649  git branch
  650  tail cmds_docker2.log 
  651  docker ps -a
  652  docker images
  653  grep build cmds_docker2.log 
  654  docker build -t billandreo/mlplasmid .
  655  cat cmds_docker2.log 
  656  vi cmds_docker2.log 
  657  docker login
  658  docker push billandreo/mlplasmid:latest
  659  docker push billandreo/mlplasmid:latest
  660  vi Dockerfile_mlmito 
  661  ls -altr
  662  ls -latr format_*
  663  grep build cmds_docker2.log 
  664  docker build -t billandreo/mlmito -f Dockerfile_mlmito .
  665  vi Dockerfile_mlmito 
  666  docker build -t billandreo/mlmito -f Dockerfile_mlmito .
  667  vi Dockerfile_mlmito 
  668  docker build -t billandreo/mlmito -f Dockerfile_mlmito .
  669  vi Dockerfile_mlmito 
  670  docker build -t billandreo/mlmito -f Dockerfile_mlmito .
  671  docker ps -a
  672  docker run -it eefb97e7cc78
  673  vi Dockerfile_mlmito 
  674  docker build -t billandreo/mlmito -f Dockerfile_mlmito .
  675  docker ps -a
  676  docker images
  677  docker run -it 6da7f02bfb06
  678  tail cmds_docker2.log 
  679  docker run -it     -v /Users/andreopo/Downloads/gitlab-advanced/keras/jgi-ml2/classifier:/srv/jgi-ml/classifier   billandreo/mlmito:latest  
  680  docker run -it     -v /Users/andreopo/Downloads/gitlab-advanced/keras/jgi-ml2/classifier:/srv/jgi-ml/classifier   billandreo/mlmito:latest  feature_DL_plasmid_predict.sh  testing/ALL2.fasta OUT
  681  git commit -a
  682  git branch
  683  git push -u origin develop
  684  git pull
  685  git push -u origin develop
  686  git branch
  687  ls -latr
  688  ls -latr
  689  vi Dockerfile_mlmito 
  690  history
  691  docker build -t billandreo/mlmito -f Dockerfile_mlmito .
  692  docker run -it     -v /Users/andreopo/Downloads/gitlab-advanced/keras/jgi-ml2/classifier:/srv/jgi-ml/classifier   billandreo/mlmito:latest  get_mitos_from_fungi2_DENOVO.sh  ALL.fasta 
  693  ls -latr
  694  cd _srv_jgi-ml_classifier_ALL.fasta_NEW/
  695  ls
  696  ls -latr
  697  cat organelle.err 
  698  cd ..
  699  ls -latr
  700  docker ps -a
  701  docker run -it aa49ff649478
  702  docker images
  703  docker run -it 6da7f02bfb06
  704  docker ps -a
  705  docker ps -a
  706  docker images
  707  docker system purge
  708  grep purge cmds_docker*
  709  grep system cmds_docker*
  710  docker system prune
  711  docker build -t billandreo/mlmito -f Dockerfile_mlmito .
  712  docker images
  713  docker ps -a
  714  history
  715  docker run -it     -v /Users/andreopo/Downloads/gitlab-advanced/keras/jgi-ml2/classifier:/srv/jgi-ml/classifier   billandreo/mlmito:latest  get_mitos_from_fungi2_DENOVO.sh  ALL.fasta
  716  ls -altr
  717  ls -altr _srv_jgi-ml_classifier_ALL.fasta_NEW
  718  cat _srv_jgi-ml_classifier_ALL.fasta_NEW/organelle.err
  719  docker images
  720  docker run -it eca99ebdf48d
  721  docker run -it eca99ebdf48d
  722  docker run -it eca99ebdf48d
  723  docker run -it eca99ebdf48d
  724  ls -lart
  725  ls -lart _srv_jgi-ml_classifier_ALL.fasta_NEW
  726  cat _srv_jgi-ml_classifier_ALL.fasta_NEW/organelle.*
  727  vi get_mitos_from_fungi2_DENOVO.sh
  728  git branch
  729  git commit -a
  730  git push -u origin develop
  731  history >cmds_docker_mlmito.log
  732  vi cmds_docker_mlmito.log 
  733  ls testing/*
  734  ls -latr testing/ALL*
  735  docker build -t billandreo/mlmito -f Dockerfile_mlmito .
  736  docker build -t billandreo/mlmito -f Dockerfile_mlmito .
  737  docker run -it     -v /Users/andreopo/Downloads/gitlab-advanced/keras/jgi-ml2/classifier:/srv/jgi-ml/classifier   billandreo/mlmito:latest  get_mitos_from_fungi2_DENOVO.sh  ALL3.fasta
  738  docker run -it     -v /Users/andreopo/Downloads/gitlab-advanced/keras/jgi-ml2/classifier:/srv/jgi-ml/classifier   billandreo/mlmito:latest  get_mitos_from_fungi2_DENOVO.sh  testing/ALL3.fasta
  739  ls -latr
  740  ls -latr _srv_jgi-ml_classifier_testing_ALL3.fasta_NEW/
  741  vi _srv_jgi-ml_classifier_testing_ALL3.fasta_NEW/organelle.out 
  742  vi Dockerfile_mlmito 
  743  ls -altr
  744  ls -altr _srv_jgi-ml_classifier_testing_ALL3.fasta_NEW
  745  cp get_mitos_from_fungi2_DENOVO.sh get_mitos_from_fungi2_DENOVO.sh.BAK
  746  git pull
  747  diff get_mitos_from_fungi2_DENOVO.sh get_mitos_from_fungi2_DENOVO.sh.BAK 
  748  vi Dockerfile_mlmito 
  749  docker build -t billandreo/mlmito -f Dockerfile_mlmito .
  750  vi Dockerfile_mlmito 
  751  docker build -t billandreo/mlmito -f Dockerfile_mlmito .
  752  vi Dockerfile_mlmito 
  753  docker build -t billandreo/mlmito -f Dockerfile_mlmito .
  754  vi Dockerfile_mlmito 
  755  docker build -t billandreo/mlmito -f Dockerfile_mlmito .
  756  docker run -it     -v /Users/andreopo/Downloads/gitlab-advanced/keras/jgi-ml2/classifier:/srv/jgi-ml/classifier   billandreo/mlmito:latest  get_mitos_from_fungi2_DENOVO.sh  testing/ALL3.fasta
  757  ls -latr
  758  ls -latr _srv_jgi-ml_classifier_testing_ALL3.fasta_NEW
  759  ls -latr _srv_jgi-ml_classifier_testing_ALL3.fasta_NEW/organelle.out 
  760  vi _srv_jgi-ml_classifier_testing_ALL3.fasta_NEW/organelle.out 
  761  cat _srv_jgi-ml_classifier_testing_ALL3.fasta_NEW/features.txt-NEW.arff.NB.pred.MITOLINES
  762  cat _srv_jgi-ml_classifier_testing_ALL3.fasta_NEW/features.txt-NEW.arff.NB.pred
  763  vi 8DENOV*sh
  764  vi *DENOV*sh
  765  vi *DENOV*sh
  766  cd _srv_jgi-ml_classifier_testing_ALL3.fasta_NEW
  767  vi features.txt
  768  vi *DENOV*sh
  769  vi ../*DENOV*sh
  770  vi ../*DENOV*sh
  771  vi ../*DENOV*sh
  772  cat features.txt-NEW.arff.NB.pred.MITOLINES.MITOCONTIGS
  773  vi ../*DENOV*sh
  774  git commit -a
  775  git push -u origin develop
  776  docker images
  777  docker -it run 0776e993a7f0
  778  docker run  -it  0776e993a7f0
  779  pwd
  780  cd ..
  781  pwd
  782  git pull
  783  ls -latr
  784  history
  785  docker ps -a
  786  docker images
  787  docker build -t billandreo/mlmito -f Dockerfile_mlmito .
  788  docker run -it     -v /Users/andreopo/Downloads/gitlab-advanced/keras/jgi-ml2/classifier:/srv/jgi-ml/classifier   billandreo/mlmito:latest  get_mitos_from_fungi2_DENOVO.sh  testing/ALL3.fasta 
  789  ls -latr
  790  cd _srv_jgi-ml_classifier_testing_ALL3.fasta_NEW
  791  ls -alrt
  792  vi features.txt-NEW.arff.NB.pred.MITOLINES.MITOCONTIGS.fa
  793  ls -latr
  794  vi features.txt
  795  docker login
  796  docker login
  797  cd ..
  798  ls -latr
  799  history
  800  cat cmds_docker_mlmito.log 
  801  docker push billandreo/mlmito:latest
  802  docker push billandreo/mlmito:latest
  803  history > cmds_docker_mlmito.log 
  804  tail cmds_docker_mlmito.log
  805  vi cmds_docker_mlmito.log 
  806  tail cmds_docker2.log 
  807  vi cmds_docker2.log 
  808  docker build -t billandreo/mlplasmid .
  809  docker push billandreo/mlplasmid:latest
  810  ls -latr
  811  git pull
  812  git branch
  813  docker build -t billandreo/mlmito -f Dockerfile_mlmito .
  814  tail cmds_docker_mlmito.log 
  815  vi cmds_docker_mlmito.log 
  816  docker run -it     -v /Users/andreopo/Downloads/gitlab-advanced/keras/jgi-ml2/classifier:/srv/jgi-ml/classifier   billandreo/mlmito:latest  get_mitos_from_fungi2_DENOVO.sh  testing/ALL3.fasta
  817  ls -latr
  818  ls -latr _srv_jgi-ml_classifier_testing_ALL3.fasta_NEW
  819  cd _srv_jgi-ml_classifier_testing_ALL3.fasta_NEW
  820  ls -latr
  821  vi features.txt-NEW.arff.NB.pred.MITOLINES.MITOCONTIGS.fa
  822  vi features.txt-NEW.arff.NB.pred.MITOLINES.MITOCONTIGS
  823  vi features.txt-NEW.arff.NB.pred.MITOLINES
  824  vi features.txt-NEW.arff.NB.pred
  825  tail ../cmds_docker_mlmito.log 
  826  docker push billandreo/mlmito:latest
  827  cd ..
  828  pwd
  829  ls -latr
  830  vi testing/ALL3.fasta 
  831  git add testing/ALL3.fasta
  832  git commit -a
  833  git push -u origin develop
  834  ls -latr testing/
  835  ls -latr
  836  docker push billandreo/mlmito:latest
  837  docker push billandreo/mlmito
  838  ls -latr
  839  cat get_mitos_from_fungi2_DENOVO.sh
  840  docker images
  841  docker push billandreo/mlmito:latest
  842  cat cmds_docker_mlmito.log 
  843  docker build -t billandreo/mlmito:1 -f Dockerfile_mlmito .
  844  docker build -t billandreo/mlmito:1 -f Dockerfile_mlmito .
  845  l
  846  cat cmds_docker_mlmito.log 
  847  docker push billandreo/mlmito:1
  848  docker build -t billandreo/mlmito:1 -f Dockerfile_mlmito .
  849  docker build -t billandreo/mlmito:1 -f Dockerfile_mlmito .
  850  docker push billandreo/mlmito:1
  851  docker push billandreo/mlmito:1
  852  shifter images
  853  docker images
  854  ls -latr testing/
  855  ls -latr
  856  history > cmds_docker_mlmito1.log 
