  553  grep push cmds_docker*log
  554  docker push billandreo/mlplasmid:latest
  555  tail cmds_docker2.log 
  556  ls -latr OUT
  557  vi feature_DL_plasmid_predict.sh
  558  vi feature_DL_plasmid_predict.sh
  559  vi Dockerfile
  560  vi feature_DL_plasmid_predict.sh
  561  ls -latr read_fasta2_plasmids.py
  562  git commit -a
  563  git push -u origin develop
  564  history
  565  docker ps
  566  docker ps -a
  567  docker ps -a
  568  docker ps -a
  569  docker ps -a
  570  docker images
  571  cat cmds_docker2.log 
  572  docker build -t billandreo/mlplasmid .
  573  tail cmds_docker2.log 
  574  docker run -it     -v /Users/andreopo/Downloads/gitlab-advanced/keras/jgi-ml2/classifier:/srv/jgi-ml/classifier   --entrypoint=/srv/jgi-ml/classifier/feature_DL_plasmid_predict.sh   billandreo/mlplasmid:latest  testing/ALL2.fasta OUT
  575  docker login
  576  history | grep push
  577  docker push billandreo/mlplasmid:latest
  578  vi feature_DL_plasmid_predict.sh
  579  ls -latr models/
  580  git commit -a
  581  git branch
  582  git push -u origin develop
  583  history
  584  docker build -t billandreo/mlplasmid .
  585   history
  586  docker run -it     billandreo/mlplasmid:latest  feature_DL_plasmid_predict.sh  testing/ALL2.fasta OUT
  587  docker run -it     -v /Users/andreopo/Downloads/gitlab-advanced/keras/jgi-ml2/classifier:/srv/jgi-ml/classifier   billandreo/mlplasmid:latest  feature_DL_plasmid_predict.sh  testing/ALL2.fasta OUT
  588  docker run -it       billandreo/mlplasmid:latest  /srv/jgi-ml/classifier/feature_DL_plasmid_predict.sh  testing/ALL2.fasta OUT
  589  docker run -it     -v /Users/andreopo/Downloads/gitlab-advanced/keras/jgi-ml2/classifier:/srv/jgi-ml/classifier   billandreo/mlplasmid:latest  feature_DL_plasmid_predict.sh  testing/ALL2.fasta OUT
  590  docker run -it     -v /Users/andreopo/Downloads/gitlab-advanced/keras/jgi-ml2/classifier:/srv/jgi-ml/classifier   billandreo/mlplasmid:latest  /srv/jgi-ml/classifier/feature_DL_plasmid_predict.sh  testing/ALL2.fasta OUT
  591  docker run -it     -v /Users/andreopo/Downloads/gitlab-advanced/keras/jgi-ml2/classifier:/srv/jgi-ml/classifier   billandreo/mlplasmid:latest  feature_DL_plasmid_predict.sh  testing/ALL2.fasta OUT
  592  history
  593  vi cmds_docker2.log 
  594  git commit -a
  595  git push -u origin develop
  596  git branch
  597  git push -u origin develop
  598  l
  599  ls -latr
  600  history
  601  docker push billandreo/mlplasmid:latest
  602  tail cmds_docker2.log 
  603  scp testing/ALL2.fasta  andreopo@gpint208.nersc.gov:/global/u2/a/andreopo
  604  tail cmds_docker2.log 
  605  docker run -it     -v /Users/andreopo/Downloads/gitlab-advanced/keras/jgi-ml2/classifier:/srv/jgi-ml/classifier   billandreo/mlplasmid:latest  /srv/jgi-ml/classifier/feature_DL_plasmid_predict.sh  testing/ALL2.fasta OUT
  606  vi feature_DL_plasmid_predict.sh
  607  ls -altr
  608  ls -altr OUT
  609  ls -altr OUT/2018-06-22_13:02:44
  610  ls -altr OUT/dlDataPath/
  611  ls -altr OUT/dlDataPath/assayer4.test-scaff-split.yml 
  612  vi predict_Plasmid.py 
  613  cat cmds_docker2.log 
  614  cp testing/ALL2.fasta testing/ALL3.fasta
  615  vi testing/ALL3.fasta 
  616  docker run -it     -v /Users/andreopo/Downloads/gitlab-advanced/keras/jgi-ml2/classifier:/srv/jgi-ml/classifier   billandreo/mlplasmid:latest  feature_DL_plasmid_predict.sh  testing/ALL2.fasta OUT
  617  docker run -it     -v /Users/andreopo/Downloads/gitlab-advanced/keras/jgi-ml2/classifier:/srv/jgi-ml/classifier   billandreo/mlplasmid:latest  feature_DL_plasmid_predict.sh  testing/ALL3.fasta OUT
  618  vi Deep_Plasmid.py
  619  head testing/ALL3.fasta 
  620  vi Deep_Plasmid.py
  621  python
  622  vi Deep_Plasmid.py
  623  git commit -a
  624  git branch
  625  git push -u origin develop
  626  cat cmds_docker2.log 
  627  docker images
  628  docker ps
  629  docker ps -a
  630  vi cmds_docker2.log 
  631  grep "ocker rm" cmds_docker*log
  632  docker images
  633  docker ps -a
  634  cat cmds_docker2.log 
  635  docker build -t billandreo/mlplasmid .
  636  tail cmds_docker2.log 
  637  docker run -it     -v /Users/andreopo/Downloads/gitlab-advanced/keras/jgi-ml2/classifier:/srv/jgi-ml/classifier   billandreo/mlplasmid:latest  feature_DL_plasmid_predict.sh  testing/ALL2.fasta OUT
  638  grep docker cmds_docker2.log 
  639  grep docker cmds_docker2.log | grep push
  640  docker login
  641  docker login
  642  docker push billandreo/mlplasmid:latest
  643  docker push billandreo/mlplasmid:latest
  644  pwd
  645  docker push billandreo/mlplasmid:latest
  646  docker push billandreo/mlplasmid:latest
  647  git pull
  648  vi Dockerfile_mlmito 
  649  git branch
  650  tail cmds_docker2.log 
  651  docker ps -a
  652  docker images
  653  grep build cmds_docker2.log 
  654  docker build -t billandreo/mlplasmid .
  655  cat cmds_docker2.log 
  656  vi cmds_docker2.log 
  657  docker login
  658  docker push billandreo/mlplasmid:latest
  659  docker push billandreo/mlplasmid:latest
  660  vi Dockerfile_mlmito 
  661  ls -altr
  662  ls -latr format_*
  663  grep build cmds_docker2.log 
  664  docker build -t billandreo/mlmito -f Dockerfile_mlmito .
  665  vi Dockerfile_mlmito 
  666  docker build -t billandreo/mlmito -f Dockerfile_mlmito .
  667  vi Dockerfile_mlmito 
  668  docker build -t billandreo/mlmito -f Dockerfile_mlmito .
  669  vi Dockerfile_mlmito 
  670  docker build -t billandreo/mlmito -f Dockerfile_mlmito .
  671  docker ps -a
  672  docker run -it eefb97e7cc78
  673  vi Dockerfile_mlmito 
  674  docker build -t billandreo/mlmito -f Dockerfile_mlmito .
  675  docker ps -a
  676  docker images
  677  docker run -it 6da7f02bfb06
  678  tail cmds_docker2.log 
  679  docker run -it     -v /Users/andreopo/Downloads/gitlab-advanced/keras/jgi-ml2/classifier:/srv/jgi-ml/classifier   billandreo/mlmito:latest  
  680  docker run -it     -v /Users/andreopo/Downloads/gitlab-advanced/keras/jgi-ml2/classifier:/srv/jgi-ml/classifier   billandreo/mlmito:latest  feature_DL_plasmid_predict.sh  testing/ALL2.fasta OUT
  681  git commit -a
  682  git branch
  683  git push -u origin develop
  684  git pull
  685  git push -u origin develop
  686  git branch
  687  ls -latr
  688  ls -latr
  689  vi Dockerfile_mlmito 
  690  history
  691  docker build -t billandreo/mlmito -f Dockerfile_mlmito .
  692  docker run -it     -v /Users/andreopo/Downloads/gitlab-advanced/keras/jgi-ml2/classifier:/srv/jgi-ml/classifier   billandreo/mlmito:latest  get_mitos_from_fungi2_DENOVO.sh  ALL.fasta 
  693  ls -latr
  694  cd _srv_jgi-ml_classifier_ALL.fasta_NEW/
  695  ls
  696  ls -latr
  697  cat organelle.err 
  698  cd ..
  699  ls -latr
  700  docker ps -a
  701  docker run -it aa49ff649478
  702  docker images
  703  docker run -it 6da7f02bfb06
  704  docker ps -a
  705  docker ps -a
  706  docker images
  707  docker system purge
  708  grep purge cmds_docker*
  709  grep system cmds_docker*
  710  docker system prune
  711  docker build -t billandreo/mlmito -f Dockerfile_mlmito .
  712  docker images
  713  docker ps -a
  714  history
  715  docker run -it     -v /Users/andreopo/Downloads/gitlab-advanced/keras/jgi-ml2/classifier:/srv/jgi-ml/classifier   billandreo/mlmito:latest  get_mitos_from_fungi2_DENOVO.sh  ALL.fasta
  716  ls -altr
  717  ls -altr _srv_jgi-ml_classifier_ALL.fasta_NEW
  718  cat _srv_jgi-ml_classifier_ALL.fasta_NEW/organelle.err
  719  docker images
  720  docker run -it eca99ebdf48d
  721  docker run -it eca99ebdf48d
  722  docker run -it eca99ebdf48d
  723  docker run -it eca99ebdf48d
  724  ls -lart
  725  ls -lart _srv_jgi-ml_classifier_ALL.fasta_NEW
  726  cat _srv_jgi-ml_classifier_ALL.fasta_NEW/organelle.*
  727  vi get_mitos_from_fungi2_DENOVO.sh
  728  git branch
  729  git commit -a
  730  git push -u origin develop
  731  history >cmds_docker_mlmito.log
  732  vi cmds_docker_mlmito.log 
  733  ls testing/*
  734  ls -latr testing/ALL*
  735  docker build -t billandreo/mlmito -f Dockerfile_mlmito .
  736  docker build -t billandreo/mlmito -f Dockerfile_mlmito .
  737  docker run -it     -v /Users/andreopo/Downloads/gitlab-advanced/keras/jgi-ml2/classifier:/srv/jgi-ml/classifier   billandreo/mlmito:latest  get_mitos_from_fungi2_DENOVO.sh  ALL3.fasta
  738  docker run -it     -v /Users/andreopo/Downloads/gitlab-advanced/keras/jgi-ml2/classifier:/srv/jgi-ml/classifier   billandreo/mlmito:latest  get_mitos_from_fungi2_DENOVO.sh  testing/ALL3.fasta
  739  ls -latr
  740  ls -latr _srv_jgi-ml_classifier_testing_ALL3.fasta_NEW/
  741  vi _srv_jgi-ml_classifier_testing_ALL3.fasta_NEW/organelle.out 
  742  vi Dockerfile_mlmito 
  743  ls -altr
  744  ls -altr _srv_jgi-ml_classifier_testing_ALL3.fasta_NEW
  745  cp get_mitos_from_fungi2_DENOVO.sh get_mitos_from_fungi2_DENOVO.sh.BAK
  746  git pull
  747  diff get_mitos_from_fungi2_DENOVO.sh get_mitos_from_fungi2_DENOVO.sh.BAK 
  748  vi Dockerfile_mlmito 
  749  docker build -t billandreo/mlmito -f Dockerfile_mlmito .
  750  vi Dockerfile_mlmito 
  751  docker build -t billandreo/mlmito -f Dockerfile_mlmito .
  752  vi Dockerfile_mlmito 
  753  docker build -t billandreo/mlmito -f Dockerfile_mlmito .
  754  vi Dockerfile_mlmito 
  755  docker build -t billandreo/mlmito -f Dockerfile_mlmito .
  756  docker run -it     -v /Users/andreopo/Downloads/gitlab-advanced/keras/jgi-ml2/classifier:/srv/jgi-ml/classifier   billandreo/mlmito:latest  get_mitos_from_fungi2_DENOVO.sh  testing/ALL3.fasta
  757  ls -latr
  758  ls -latr _srv_jgi-ml_classifier_testing_ALL3.fasta_NEW
  759  ls -latr _srv_jgi-ml_classifier_testing_ALL3.fasta_NEW/organelle.out 
  760  vi _srv_jgi-ml_classifier_testing_ALL3.fasta_NEW/organelle.out 
  761  cat _srv_jgi-ml_classifier_testing_ALL3.fasta_NEW/features.txt-NEW.arff.NB.pred.MITOLINES
  762  cat _srv_jgi-ml_classifier_testing_ALL3.fasta_NEW/features.txt-NEW.arff.NB.pred
  763  vi 8DENOV*sh
  764  vi *DENOV*sh
  765  vi *DENOV*sh
  766  cd _srv_jgi-ml_classifier_testing_ALL3.fasta_NEW
  767  vi features.txt
  768  vi *DENOV*sh
  769  vi ../*DENOV*sh
  770  vi ../*DENOV*sh
  771  vi ../*DENOV*sh
  772  cat features.txt-NEW.arff.NB.pred.MITOLINES.MITOCONTIGS
  773  vi ../*DENOV*sh
  774  git commit -a
  775  git push -u origin develop
  776  docker images
  777  docker -it run 0776e993a7f0
  778  docker run  -it  0776e993a7f0
  779  pwd
  780  cd ..
  781  pwd
  782  git pull
  783  ls -latr
  784  history
  785  docker ps -a
  786  docker images
  787  docker build -t billandreo/mlmito -f Dockerfile_mlmito .
  788  docker run -it     -v /Users/andreopo/Downloads/gitlab-advanced/keras/jgi-ml2/classifier:/srv/jgi-ml/classifier   billandreo/mlmito:latest  get_mitos_from_fungi2_DENOVO.sh  testing/ALL3.fasta 
  789  ls -latr
  790  cd _srv_jgi-ml_classifier_testing_ALL3.fasta_NEW
  791  ls -alrt
  792  vi features.txt-NEW.arff.NB.pred.MITOLINES.MITOCONTIGS.fa
  793  ls -latr
  794  vi features.txt
  795  docker login
  796  docker login
  797  cd ..
  798  ls -latr
  799  history
  800  cat cmds_docker_mlmito.log 
  801  docker push billandreo/mlmito:latest
  802  docker push billandreo/mlmito:latest
  803  history > cmds_docker_mlmito.log 
  804  tail cmds_docker_mlmito.log
  805  vi cmds_docker_mlmito.log 
  806  tail cmds_docker2.log 
  807  vi cmds_docker2.log 
  808  docker build -t billandreo/mlplasmid .
  809  docker push billandreo/mlplasmid:latest
  810  ls -latr
  811  git pull
  812  git branch
  813  docker build -t billandreo/mlmito -f Dockerfile_mlmito .
  814  tail cmds_docker_mlmito.log 
  815  vi cmds_docker_mlmito.log 
  816  docker run -it     -v /Users/andreopo/Downloads/gitlab-advanced/keras/jgi-ml2/classifier:/srv/jgi-ml/classifier   billandreo/mlmito:latest  get_mitos_from_fungi2_DENOVO.sh  testing/ALL3.fasta
  817  ls -latr
  818  ls -latr _srv_jgi-ml_classifier_testing_ALL3.fasta_NEW
  819  cd _srv_jgi-ml_classifier_testing_ALL3.fasta_NEW
  820  ls -latr
  821  vi features.txt-NEW.arff.NB.pred.MITOLINES.MITOCONTIGS.fa
  822  vi features.txt-NEW.arff.NB.pred.MITOLINES.MITOCONTIGS
  823  vi features.txt-NEW.arff.NB.pred.MITOLINES
  824  vi features.txt-NEW.arff.NB.pred
  825  tail ../cmds_docker_mlmito.log 
  826  docker push billandreo/mlmito:latest
  827  cd ..
  828  pwd
  829  ls -latr
  830  vi testing/ALL3.fasta 
  831  git add testing/ALL3.fasta
  832  git commit -a
  833  git push -u origin develop
  834  ls -latr testing/
  835  ls -latr
  836  docker push billandreo/mlmito:latest
  837  docker push billandreo/mlmito
  838  ls -latr
  839  cat get_mitos_from_fungi2_DENOVO.sh
  840  docker images
  841  docker push billandreo/mlmito:latest
  842  cat cmds_docker_mlmito.log 
  843  docker build -t billandreo/mlmito:1 -f Dockerfile_mlmito .
  844  docker build -t billandreo/mlmito:1 -f Dockerfile_mlmito .
  845  l
  846  cat cmds_docker_mlmito.log 
  847  docker push billandreo/mlmito:1
  848  docker build -t billandreo/mlmito:1 -f Dockerfile_mlmito .
  849  docker build -t billandreo/mlmito:1 -f Dockerfile_mlmito .
  850  docker push billandreo/mlmito:1
  851  docker push billandreo/mlmito:1
  852  shifter images
  853  docker images
  854  ls -latr testing/
  855  ls -latr
  856  history > cmds_docker_mlmito1.log 
  857  cat cmds_docker2.log 
  858  cat cmds_docker_mlmito1.log 
  859  cat cmds_docker2.log 
  860  cat cmds_docker_mlmito1.log 
  861  cat cmds_docker2.log 
  862  docker build -t billandreo/mlplasmid:1 .
  863  docker images
  864  cat cmds_docker2.log 
  865  cat cmds_docker2.log  | grep push
  866  docker push billandreo/mlplasmid:1
  867  git branch
  868  git pull
  869  ls -altr
  870  vi predict_Plasmid.py 
  871  vi predict_Plasmid.py 
  872  ls -latr testing/
  873  ls -latr cmds_docker*
  874  tail cmds_docker2.log 
  875  scp andreopo@denovo1.nersc.gov:/global/projectb/scratch/andreopo/Plasmid_ncbi/final.assembly.fasta ./testing/
  876  docker build -t billandreo/mlplasmid:1 .
  877  git push -u origin develop
  878  git commit -a
  879  git push -u origin develop
  880  docker ps -a
  881  docker images
  882  git push -u origin develop
  883  history
  884  docker build -t billandreo/mlplasmid:1 .
  885  tail cmds_docker2.log 
  886  docker run -it     -v /Users/andreopo/Downloads/gitlab-advanced/keras/jgi-ml2/classifier:/srv/jgi-ml/classifier   billandreo/mlplasmid:1 /srv/jgi-ml/classifier/feature_DL_plasmid_predict.sh  testing/final.assembly.fasta  OUT_final.assembly.fasta
  887  docker run -it     -v /Users/andreopo/Downloads/gitlab-advanced/keras/jgi-ml2/classifier:/srv/jgi-ml/classifier   billandreo/mlplasmid:1 /srv/jgi-ml/classifier/feature_DL_plasmid_predict.sh  testing/ALL3.fasta  OUT_ALL3.fasta
  888  vi predict_Plasmid.py 
  889  feature_DL_plasmid_predict.sh  testing/ALL3.fasta  OUT_ALL3.fasta
  890  ./feature_DL_plasmid_predict.sh  testing/ALL3.fasta  OUT_ALL3.fasta
  891  vi feature_DL_plasmid_predict.sh
  892  vi feature_DL_plasmid_predict.sh
  893  vi feature_DL_plasmid_predict.sh
  894  tail cmds_docker2.log 
  895  vi predict_Plasmid.py 
  896  brew install python
  897  python3
  898  python
  899  brew install python3
  900  python --version
  901  brew install python3
  902  brew link gdbm
  903  brew install python3
  904  vi predict_Plasmid.py 
  905  vi feature_DL_plasmid_predict.sh
  906  vi predict_Plasmid.py 
  907  git branch
  908  git push -u origin develop
  909  git commit -a
  910  git push -u origin develop
  911  docker ps -a
  912  docker images
  913  history
  914  docker build -t billandreo/mlplasmid:1 .
  915  docker build -t billandreo/mlplasmid:1 .
  916  l
  917  ls -latr
  918  docker run -it     -v /Users/andreopo/Downloads/gitlab-advanced/keras/jgi-ml2/classifier:/srv/jgi-ml/classifier   billandreo/mlplasmid:1 /srv/jgi-ml/classifier/feature_DL_plasmid_predict.sh  testing/final.assembly.fasta  OUT_final.assembly.fasta
  919  docker run -it     -v /Users/andreopo/Downloads/gitlab-advanced/keras/jgi-ml2/classifier:/srv/jgi-ml/classifier   billandreo/mlplasmid:1 /srv/jgi-ml/classifier/feature_DL_plasmid_predict.sh  testing/final.assembly.fasta  OUT_final.assembly.fasta
  920  vi predict_Plasmid.py 
  921  vi predict_Plasmid.py 
  922  vi feature_DL_plasmid_predict.sh
  923  vi predict_Plasmid.py 
  924  vi predict_Plasmid.py 
  925  pwd
  926  vi predict_Plasmid.py 
  927  ls -latr
  928  cd OUT_final.assembly.fasta
  929  l
  930  cd OUT_final.assembly.fasta
  931  ls -latr
  932  cd 2018-07-17_18:02:34
  933  ls -latr
  934  cd yml
  935  ls -latr
  936  vi arrow.yml 
  937  cd ..
  938  cd ..
  939  cd ..
  940  vi feature_DL_plasmid_predict.sh
  941  vi OUT_final.assembly.fasta/dlDataPath/assayer4.test-scaff-split.yml 
  942  vi OUT_final.assembly.fasta/dlDataPath/assayer4.test-scaff-split.yml 
  943  vi feature_DL_plasmid_predict.sh
  944  vi format_Test.py 
  945  vi OUT_final.assembly.fasta/dlDataPath/assayer4.test-scaff-split.yml 
  946  vi format_Test.py 
  947  vi format_Test.py 
  948  vi Deep_Plasmid.py 
  949  vi format_Test.py 
  950  vi feature_DL_plasmid_predict.sh
  951  vi feature_DL_plasmid_predict.sh
  952  vi feature_DL_plasmid_predict.sh
  953  vi format_Test.py 
  954  vi Deep_Plasmid.py 
  955  vi OUT_final.assembly.fasta/dlDataPath/assayer4.test-scaff-split.yml 
  956  vi Deep_Plasmid.py 
  957  vi format_Test.py 
  958  vi Deep_Plasmid.py 
  959  vi format_Test.py 
  960  vi OUT_final.assembly.fasta/dlDataPath/assayer4.test-scaff-split.yml 
  961  vi format_Test.py 
  962  vi Deep_Plasmid.py 
  963  vi Deep_Plasmid.py 
  964  vi format_Test.py 
  965  ls -altr
  966  cd OUT_final.assembly.fasta
  967  ls
  968  cd 2018-07-17_18:02:34
  969  l
  970  cd yml/
  971  ls -altr
  972  vi arrow.yml 
  973  pwd
  974  cd ../../../
  975  head testing/final.assembly.fasta 
  976  vi format_Test.py 
  977  vi Deep_Plasmid.py 
  978  vi Deep_Plasmid.py 
  979  vi Deep_Plasmid.py 
  980  vi Deep_Plasmid.py 
  981  git branch
  982  git commit -a
  983  git pull
  984  git push -u origin develop
  985  history
  986  docker build -t billandreo/mlplasmid:1 .
  987  history
  988  docker run -it     -v /Users/andreopo/Downloads/gitlab-advanced/keras/jgi-ml2/classifier:/srv/jgi-ml/classifier   billandreo/mlplasmid:1 /srv/jgi-ml/classifier/feature_DL_plasmid_predict.sh  testing/final.assembly.fasta  OUT_final.assembly.fasta
  989  cp Dockerfile  Dockerfile.dev
  990  vi Dockerfile.dev
  991  git branch
  992  vi Dockerfile.dev
  993  vi Deep_Plasmid.py 
  994  vi predict_Plasmid.py 
  995  vi Deep_Plasmid.py 
  996  vi predict_Plasmid.py 
  997  vi predict_Plasmid.py 
  998  vi Deep_Plasmid.py 
  999  git commit -a
 1000  git pull
 1001  git push -u origin develop
 1002  docker build -t billandreo/mlplasmid:1 -f Dockerfile.dev 
 1003  tail cmds_docker_mlmito1.log 
 1004  docker build -t billandreo/mlplasmid:1 -f Dockerfile.dev .
 1005  docker build -t billandreo/mlplasmid:dev -f Dockerfile.dev .
 1006  l
 1007  ls -latr
 1008  mkdir testrun
 1009  cd testrun
 1010  history
 1011  cd ..
 1012  docker run -it     -v /Users/andreopo/Downloads/gitlab-advanced/keras/jgi-ml2/classifier:/srv/jgi-ml/classifier   billandreo/mlplasmid:dev /srv/jgi-ml/classifier/feature_DL_plasmid_predict.sh  testing/final.assembly.fasta  OUT_final.assembly.fasta
 1013  vi predict_Plasmid.py 
 1014  vi Deep_Plasmid.py 
 1015  git commit -a
 1016  git push -u origin develop
 1017  git pull
 1018  ls -latr
 1019  docker images
 1020  docker rmi a17de6ffd684
 1021  docker ps -a
 1022  docker rm ea1c0e3d2e0d
 1023  docker rm cd4744abe200
 1024  docker images
 1025  docker rmi a17de6ffd684
 1026  docker images
 1027  docker rmi 10e939d2b4a7
 1028  docker images
 1029  history 
 1030  docker build -t billandreo/mlplasmid:dev -f Dockerfile.dev .
 1031  history
 1032  docker run -it     -v /Users/andreopo/Downloads/gitlab-advanced/keras/jgi-ml2/classifier:/srv/jgi-ml/classifier   billandreo/mlplasmid:dev /srv/jgi-ml/classifier/feature_DL_plasmid_predict.sh  testing/final.assembly.fasta  OUT_final.assembly.fasta
 1033  ls -latr
 1034  vi predict
 1035  vi predictions.txt 
 1036  vi predictions.txt 
 1037  vi predict_Plasmid.py 
 1038  vi predictions.txt 
 1039  vi Deep_Plasmid.py 
 1040  vi Deep_Plasmid.py 
 1041  grep read_scaffolds_fasta *py
 1042  vi Deep_Plasmid.py 
 1043  cd testrun/
 1044  docker run -it     -v /Users/andreopo/Downloads/gitlab-advanced/keras/jgi-ml2/classifier:/srv/jgi-ml/classifier   billandreo/mlplasmid:dev /srv/jgi-ml/classifier/feature_DL_plasmid_predict.sh  ../testing/final.assembly.fasta  OUT_final.assembly.fasta
 1045  docker run -it     -v /Users/andreopo/Downloads/gitlab-advanced/keras/jgi-ml2/classifier:/srv/jgi-ml/classifier   billandreo/mlplasmid:dev /srv/jgi-ml/classifier/feature_DL_plasmid_predict.sh  /Users/andreopo/Downloads/gitlab-advanced/keras/jgi-ml2/classifier/testing/final.assembly.fasta  OUT_final.assembly.fasta
 1046  ls -latr
 1047  cd ..
 1048  ls -latr
 1049  docker run -it     -v /Users/andreopo/Downloads/gitlab-advanced/keras/jgi-ml2/classifier:/srv/jgi-ml/classifier   billandreo/mlplasmid:dev /srv/jgi-ml/classifier/feature_DL_plasmid_predict.sh  /Users/andreopo/Downloads/gitlab-advanced/keras/jgi-ml2/classifier/testing/final.assembly.fasta  OUT_final.assembly.fasta2
 1050  docker run -it     -v /Users/andreopo/Downloads/gitlab-advanced/keras/jgi-ml2/classifier:/srv/jgi-ml/classifier   billandreo/mlplasmid:dev /srv/jgi-ml/classifier/feature_DL_plasmid_predict.sh  testing/final.assembly.fasta  OUT_final.assembly.fasta2
 1051  cat predictions.txt 
 1052  history > cmds_docker_mlplasmid.log
