Sun Aug 26 11:14:58 PDT 2018
fit-nid00408-arrIdx-29 start-jid 14374549
SLURM_CLUSTER_NAME=cori kfoldOff=5
0e9381d335e4c60cb1427cc503b53562  train_Plasmid.py
PWD=/global/cscratch1/sd/andreopo/plasmid4k-29
total 7
-rw-rw---- 1 andreopo andreopo 20799 Jul 29 18:10 Deep_Plasmid.py
-rw-rw-r-- 1 andreopo andreopo  8105 Apr 30 14:17 Oracle_Plasmid.py
-rw-rw-r-- 1 andreopo andreopo 12280 May  7 06:42 Plotter_Plasmid.py
-rw-rw-r-- 1 andreopo andreopo  2881 Apr 30 12:20 Util_Plasmid.py
-rw-rw-r-- 1 andreopo andreopo  1661 Aug 26 11:04 batchTrain.slr
drwxrwx--- 2 andreopo andreopo  4096 Aug 26 09:48 data
-rwxrwxr-x 1 andreopo andreopo  4000 Apr 30 12:20 train_Plasmid.py
Sun Aug 26 11:18:08 PDT 2018
             total       used       free     shared    buffers     cached
Mem:           125          8        117          0          0          2
-/+ buffers/cache:          6        119
Swap:            0          0          0
top - 11:18:09 up 5 days, 11:42,  0 users,  load average: 0.96, 0.48, 0.19
Tasks: 833 total,   2 running, 831 sleeping,   0 stopped,   0 zombie
%Cpu(s):  6.3 us,  0.2 sy,  0.0 ni, 93.4 id,  0.1 wa,  0.0 hi,  0.0 si,  0.0 st
KiB Mem:  13189961+total,  9064320 used, 12283529+free,     6216 buffers
KiB Swap:        0 total,        0 used,        0 free.  2101740 cached Mem

  PID USER      PR  NI    VIRT    RES    SHR S   %CPU  %MEM     TIME+ COMMAND
25708 andreopo  20   0 5600708 4.493g  45604 R 94.118 3.572   2:50.34 python
25817 andreopo  20   0   32760   2948   2012 R 11.765 0.002   0:00.03 top
Sun Aug 26 11:35:09 PDT 2018
             total       used       free     shared    buffers     cached
Mem:           125         11        114          0          0          2
-/+ buffers/cache:          8        116
Swap:            0          0          0
top - 11:35:09 up 5 days, 11:59,  0 users,  load average: 28.33, 16.73, 10.05
Tasks: 831 total,   1 running, 830 sleeping,   0 stopped,   0 zombie
%Cpu(s):  6.3 us,  0.2 sy,  0.0 ni, 93.4 id,  0.1 wa,  0.0 hi,  0.0 si,  0.0 st
KiB Mem:  13189961+total, 11656496 used, 12024312+free,     6216 buffers
KiB Swap:        0 total,        0 used,        0 free.  2149052 cached Mem

  PID USER      PR  NI    VIRT    RES    SHR S   %CPU  %MEM     TIME+ COMMAND
25708 andreopo  20   0 15.784g 6.903g  51836 S 1488.9 5.488 210:32.06 python
26496 andreopo  20   0   32760   2948   2012 R 16.667 0.002   0:00.05 top
done-Sun Aug 26 19:23:01 PDT 2018
