Thu Apr 19 23:36:25 PDT 2018
fit-nid00242-arrIdx-24 start-jid 11723982
SLURM_CLUSTER_NAME=cori kfoldOff=4
0e9381d335e4c60cb1427cc503b53562  train_Plasmid.py
PWD=/global/cscratch1/sd/andreopo/plasmid4g-24
total 7
-rw-rw---- 1 andreopo andreopo 19736 Apr 19 14:23 Deep_Plasmid.py
-rw-rw---- 1 andreopo andreopo  8105 Apr 19 14:57 Oracle_Plasmid.py
-rw-rw---- 1 andreopo andreopo 12200 Apr 19 14:57 Plotter_Plasmid.py
-rw-rw---- 1 andreopo andreopo  2881 Apr 19 14:23 Util_Plasmid.py
-rw-rw---- 1 andreopo andreopo  1652 Apr 19 22:41 batchTrain.slr
drwxrwx--- 2 andreopo andreopo  4096 Apr 19 22:39 data
-rwxrwx--- 1 andreopo andreopo  4000 Apr 19 14:57 train_Plasmid.py
Thu Apr 19 23:39:26 PDT 2018
             total       used       free     shared    buffers     cached
Mem:           125         16        109          0          0          9
-/+ buffers/cache:          6        118
Swap:            0          0          0
top - 23:39:27 up 28 days, 11:35,  0 users,  load average: 7.60, 3.32, 3.37
Tasks: 893 total,   1 running, 892 sleeping,   0 stopped,   0 zombie
%Cpu(s): 14.0 us,  0.3 sy,  0.0 ni, 85.5 id,  0.2 wa,  0.0 hi,  0.0 si,  0.0 st
KiB Mem:  13189937+total, 17447052 used, 11445232+free,     8072 buffers
KiB Swap:        0 total,        0 used,        0 free. 10080028 cached Mem

  PID USER      PR  NI    VIRT    RES    SHR S   %CPU  %MEM     TIME+ COMMAND
36296 andreopo  20   0 14.875g 4.921g  51996 S 852.94 3.912  12:57.59 python
36563 andreopo  20   0   24680   3020   2012 R  5.882 0.002   0:00.02 top
Thu Apr 19 23:56:26 PDT 2018
             total       used       free     shared    buffers     cached
Mem:           125         16        109          0          0          9
-/+ buffers/cache:          7        118
Swap:            0          0          0
top - 23:56:27 up 28 days, 11:52,  0 users,  load average: 10.11, 9.90, 8.23
Tasks: 890 total,   1 running, 889 sleeping,   0 stopped,   0 zombie
%Cpu(s): 14.0 us,  0.3 sy,  0.0 ni, 85.5 id,  0.2 wa,  0.0 hi,  0.0 si,  0.0 st
KiB Mem:  13189937+total, 17291624 used, 11460774+free,     8072 buffers
KiB Swap:        0 total,        0 used,        0 free. 10080660 cached Mem

  PID USER      PR  NI    VIRT    RES    SHR S   %CPU  %MEM     TIME+ COMMAND
36296 andreopo  20   0 14.803g 4.777g  51996 S 1182.4 3.797 224:59.05 python
37104 andreopo  20   0   24680   3020   2012 R  5.882 0.002   0:00.02 top
done-Fri Apr 20 11:45:34 PDT 2018
