Thu Apr 19 23:36:24 PDT 2018
fit-nid00419-arrIdx-22 start-jid 11723980
SLURM_CLUSTER_NAME=cori kfoldOff=2
0e9381d335e4c60cb1427cc503b53562  train_Plasmid.py
PWD=/global/cscratch1/sd/andreopo/plasmid4g-22
total 7
-rw-rw---- 1 andreopo andreopo 19736 Apr 19 14:23 Deep_Plasmid.py
-rw-rw---- 1 andreopo andreopo  8105 Apr 19 14:57 Oracle_Plasmid.py
-rw-rw---- 1 andreopo andreopo 12200 Apr 19 14:57 Plotter_Plasmid.py
-rw-rw---- 1 andreopo andreopo  2881 Apr 19 14:23 Util_Plasmid.py
-rw-rw---- 1 andreopo andreopo  1652 Apr 19 22:41 batchTrain.slr
drwxrwx--- 2 andreopo andreopo  4096 Apr 19 22:39 data
-rwxrwx--- 1 andreopo andreopo  4000 Apr 19 14:57 train_Plasmid.py
Thu Apr 19 23:39:25 PDT 2018
             total       used       free     shared    buffers     cached
Mem:           125         43         82          0          0         36
-/+ buffers/cache:          7        118
Swap:            0          0          0
top - 23:39:26 up 28 days, 11:35,  0 users,  load average: 3.24, 1.74, 1.60
Tasks: 894 total,   1 running, 893 sleeping,   0 stopped,   0 zombie
%Cpu(s): 22.5 us,  0.2 sy,  0.0 ni, 77.1 id,  0.1 wa,  0.0 hi,  0.0 si,  0.0 st
KiB Mem:  13189937+total, 45243616 used, 86655760 free,    70496 buffers
KiB Swap:        0 total,        0 used,        0 free. 37868008 cached Mem

  PID USER      PR  NI    VIRT    RES    SHR S   %CPU  %MEM     TIME+ COMMAND
22176 andreopo  20   0 14.803g 4.909g  51984 S 1223.5 3.902  11:36.36 python
22445 andreopo  20   0   24672   3124   2012 R  5.882 0.002   0:00.02 top
Thu Apr 19 23:56:25 PDT 2018
             total       used       free     shared    buffers     cached
Mem:           125         43         82          0          0         36
-/+ buffers/cache:          7        118
Swap:            0          0          0
top - 23:56:26 up 28 days, 11:52,  0 users,  load average: 13.61, 12.19, 8.57
Tasks: 891 total,   1 running, 890 sleeping,   0 stopped,   0 zombie
%Cpu(s): 22.5 us,  0.2 sy,  0.0 ni, 77.1 id,  0.1 wa,  0.0 hi,  0.0 si,  0.0 st
KiB Mem:  13189937+total, 45068016 used, 86831360 free,    70496 buffers
KiB Swap:        0 total,        0 used,        0 free. 37868012 cached Mem

  PID USER      PR  NI    VIRT    RES    SHR S   %CPU  %MEM     TIME+ COMMAND
22176 andreopo  20   0 14.803g 4.699g  51984 S 1605.9 3.736 230:14.33 python
done-Fri Apr 20 04:38:58 PDT 2018
