Sun Aug 26 11:14:57 PDT 2018
fit-nid00407-arrIdx-28 start-jid 14374561
SLURM_CLUSTER_NAME=cori kfoldOff=4
0e9381d335e4c60cb1427cc503b53562  train_Plasmid.py
PWD=/global/cscratch1/sd/andreopo/plasmid4k-28
total 7
-rw-rw---- 1 andreopo andreopo 20799 Jul 29 18:10 Deep_Plasmid.py
-rw-rw-r-- 1 andreopo andreopo  8105 Apr 30 14:17 Oracle_Plasmid.py
-rw-rw-r-- 1 andreopo andreopo 12280 May  7 06:42 Plotter_Plasmid.py
-rw-rw-r-- 1 andreopo andreopo  2881 Apr 30 12:20 Util_Plasmid.py
-rw-rw-r-- 1 andreopo andreopo  1661 Aug 26 11:04 batchTrain.slr
drwxrwx--- 2 andreopo andreopo  4096 Aug 26 09:48 data
-rwxrwxr-x 1 andreopo andreopo  4000 Apr 30 12:20 train_Plasmid.py
Sun Aug 26 11:18:09 PDT 2018
             total       used       free     shared    buffers     cached
Mem:           125          8        117          0          0          1
-/+ buffers/cache:          6        119
Swap:            0          0          0
top - 11:18:10 up 5 days, 11:42,  0 users,  load average: 0.97, 0.49, 0.20
Tasks: 875 total,   2 running, 873 sleeping,   0 stopped,   0 zombie
%Cpu(s):  4.7 us,  0.1 sy,  0.0 ni, 95.1 id,  0.0 wa,  0.0 hi,  0.0 si,  0.0 st
KiB Mem:  13189961+total,  9154756 used, 12274486+free,     6384 buffers
KiB Swap:        0 total,        0 used,        0 free.  2082100 cached Mem

  PID USER      PR  NI    VIRT    RES    SHR S   %CPU  %MEM     TIME+ COMMAND
18327 andreopo  20   0 5605392 4.462g  45604 R 94.118 3.547   2:50.69 python
18435 andreopo  20   0   32920   2936   2012 R 11.765 0.002   0:00.03 top
10513 root      20   0       0      0      0 S  5.882 0.000   0:24.56 ptlrpcd_+
Sun Aug 26 11:35:10 PDT 2018
             total       used       free     shared    buffers     cached
Mem:           125         11        114          0          0          2
-/+ buffers/cache:          9        116
Swap:            0          0          0
top - 11:35:10 up 5 days, 11:59,  0 users,  load average: 19.18, 15.26, 9.91
Tasks: 873 total,   1 running, 872 sleeping,   0 stopped,   0 zombie
%Cpu(s):  4.7 us,  0.2 sy,  0.0 ni, 95.1 id,  0.0 wa,  0.0 hi,  0.0 si,  0.0 st
KiB Mem:  13189961+total, 11723732 used, 12017588+free,     6384 buffers
KiB Swap:        0 total,        0 used,        0 free.  2129396 cached Mem

  PID USER      PR  NI    VIRT    RES    SHR S   %CPU  %MEM     TIME+ COMMAND
18327 andreopo  20   0 15.716g 6.823g  51860 S 629.41 5.424 212:00.81 python
19113 andreopo  20   0   32920   2936   2012 R 11.765 0.002   0:00.03 top
done-Sun Aug 26 19:37:40 PDT 2018
