Sun Aug 26 11:14:57 PDT 2018
fit-nid00406-arrIdx-27 start-jid 14374560
SLURM_CLUSTER_NAME=cori kfoldOff=3
0e9381d335e4c60cb1427cc503b53562  train_Plasmid.py
PWD=/global/cscratch1/sd/andreopo/plasmid4k-27
total 7
-rw-rw---- 1 andreopo andreopo 20799 Jul 29 18:10 Deep_Plasmid.py
-rw-rw-r-- 1 andreopo andreopo  8105 Apr 30 14:17 Oracle_Plasmid.py
-rw-rw-r-- 1 andreopo andreopo 12280 May  7 06:42 Plotter_Plasmid.py
-rw-rw-r-- 1 andreopo andreopo  2881 Apr 30 12:20 Util_Plasmid.py
-rw-rw-r-- 1 andreopo andreopo  1661 Aug 26 11:04 batchTrain.slr
drwxrwx--- 2 andreopo andreopo  4096 Aug 26 09:48 data
-rwxrwxr-x 1 andreopo andreopo  4000 Apr 30 12:20 train_Plasmid.py
Sun Aug 26 11:18:27 PDT 2018
             total       used       free     shared    buffers     cached
Mem:           125          8        117          0          0          1
-/+ buffers/cache:          6        119
Swap:            0          0          0
top - 11:18:27 up 5 days, 11:42,  0 users,  load average: 0.97, 0.51, 0.21
Tasks: 862 total,   2 running, 860 sleeping,   0 stopped,   0 zombie
%Cpu(s):  4.1 us,  0.2 sy,  0.0 ni, 95.7 id,  0.0 wa,  0.0 hi,  0.0 si,  0.0 st
KiB Mem:  13189961+total,  9212056 used, 12268756+free,     6408 buffers
KiB Swap:        0 total,        0 used,        0 free.  2084284 cached Mem

  PID USER      PR  NI    VIRT    RES    SHR S   %CPU  %MEM     TIME+ COMMAND
  661 andreopo  20   0 5602248 4.477g  45604 R 94.118 3.559   2:49.72 python
  769 andreopo  20   0   32880   3204   2140 R  5.882 0.002   0:00.02 top
Sun Aug 26 11:35:27 PDT 2018
             total       used       free     shared    buffers     cached
Mem:           125         11        114          0          0          2
-/+ buffers/cache:          9        116
Swap:            0          0          0
top - 11:35:28 up 5 days, 11:59,  0 users,  load average: 16.14, 12.01, 8.11
Tasks: 860 total,   1 running, 859 sleeping,   0 stopped,   0 zombie
%Cpu(s):  4.1 us,  0.2 sy,  0.0 ni, 95.7 id,  0.0 wa,  0.0 hi,  0.0 si,  0.0 st
KiB Mem:  13189961+total, 11719532 used, 12018008+free,     6408 buffers
KiB Swap:        0 total,        0 used,        0 free.  2130500 cached Mem

  PID USER      PR  NI    VIRT    RES    SHR S   %CPU  %MEM     TIME+ COMMAND
  661 andreopo  20   0 15.713g 6.783g  51912 S 1376.5 5.393 206:54.76 python
 1451 andreopo  20   0   32880   3204   2140 R 11.765 0.002   0:00.02 top
done-Sun Aug 26 20:08:19 PDT 2018
