Thu Apr 19 23:36:25 PDT 2018
fit-nid00261-arrIdx-25 start-jid 11723983
SLURM_CLUSTER_NAME=cori kfoldOff=0
0e9381d335e4c60cb1427cc503b53562  train_Plasmid.py
PWD=/global/cscratch1/sd/andreopo/plasmid4g-25
total 7
-rw-rw---- 1 andreopo andreopo 19736 Apr 19 14:23 Deep_Plasmid.py
-rw-rw---- 1 andreopo andreopo  8105 Apr 19 14:57 Oracle_Plasmid.py
-rw-rw---- 1 andreopo andreopo 12200 Apr 19 14:57 Plotter_Plasmid.py
-rw-rw---- 1 andreopo andreopo  2881 Apr 19 14:23 Util_Plasmid.py
-rw-rw---- 1 andreopo andreopo  1652 Apr 19 22:41 batchTrain.slr
drwxrwx--- 2 andreopo andreopo  4096 Apr 19 22:39 data
-rwxrwx--- 1 andreopo andreopo  4000 Apr 19 14:57 train_Plasmid.py
Thu Apr 19 23:39:26 PDT 2018
             total       used       free     shared    buffers     cached
Mem:           125         14        111          0          0          7
-/+ buffers/cache:          6        118
Swap:            0          0          0
top - 23:39:27 up 15 days, 13:10,  0 users,  load average: 2.88, 1.75, 4.51
Tasks: 878 total,   1 running, 877 sleeping,   0 stopped,   0 zombie
%Cpu(s): 19.5 us,  0.2 sy,  0.0 ni, 80.1 id,  0.2 wa,  0.0 hi,  0.0 si,  0.0 st
KiB Mem:  13189937+total, 15072624 used, 11682675+free,     7620 buffers
KiB Swap:        0 total,        0 used,        0 free.  7701860 cached Mem

  PID USER      PR  NI    VIRT    RES    SHR S   %CPU  %MEM     TIME+ COMMAND
25540 andreopo  20   0 14.804g 5.000g  51960 S 1205.9 3.975  11:50.42 python
25807 andreopo  20   0   24704   2964   2012 R  5.882 0.002   0:00.02 top
Thu Apr 19 23:56:26 PDT 2018
             total       used       free     shared    buffers     cached
Mem:           125         14        111          0          0          7
-/+ buffers/cache:          7        118
Swap:            0          0          0
top - 23:56:27 up 15 days, 13:27,  0 users,  load average: 10.64, 12.13, 10.18
Tasks: 876 total,   2 running, 874 sleeping,   0 stopped,   0 zombie
%Cpu(s): 19.5 us,  0.2 sy,  0.0 ni, 80.1 id,  0.2 wa,  0.0 hi,  0.0 si,  0.0 st
KiB Mem:  13189937+total, 14800792 used, 11709857+free,     7620 buffers
KiB Swap:        0 total,        0 used,        0 free.  7702276 cached Mem

  PID USER      PR  NI    VIRT    RES    SHR S   %CPU  %MEM     TIME+ COMMAND
25540 andreopo  20   0 14.804g 4.773g  51960 R 1617.6 3.794 228:56.16 python
done-Fri Apr 20 12:08:56 PDT 2018
