Thu Apr 19 23:36:26 PDT 2018
fit-nid00291-arrIdx-27 start-jid 11723985
SLURM_CLUSTER_NAME=cori kfoldOff=2
0e9381d335e4c60cb1427cc503b53562  train_Plasmid.py
PWD=/global/cscratch1/sd/andreopo/plasmid4g-27
total 7
-rw-rw---- 1 andreopo andreopo 19736 Apr 19 14:23 Deep_Plasmid.py
-rw-rw---- 1 andreopo andreopo  8105 Apr 19 14:57 Oracle_Plasmid.py
-rw-rw---- 1 andreopo andreopo 12200 Apr 19 14:57 Plotter_Plasmid.py
-rw-rw---- 1 andreopo andreopo  2881 Apr 19 14:23 Util_Plasmid.py
-rw-rw---- 1 andreopo andreopo  1652 Apr 19 22:41 batchTrain.slr
drwxrwx--- 2 andreopo andreopo  4096 Apr 19 22:39 data
-rwxrwx--- 1 andreopo andreopo  4000 Apr 19 14:57 train_Plasmid.py
Thu Apr 19 23:39:27 PDT 2018
             total       used       free     shared    buffers     cached
Mem:           125         17        108          0          0         10
-/+ buffers/cache:          6        118
Swap:            0          0          0
top - 23:39:27 up 28 days, 11:35,  0 users,  load average: 8.32, 8.00, 14.86
Tasks: 893 total,   1 running, 892 sleeping,   0 stopped,   0 zombie
%Cpu(s):  8.0 us,  0.2 sy,  0.0 ni, 91.6 id,  0.2 wa,  0.0 hi,  0.0 si,  0.0 st
KiB Mem:  13189937+total, 18827692 used, 11307168+free,    17672 buffers
KiB Swap:        0 total,        0 used,        0 free. 11333368 cached Mem

  PID USER      PR  NI    VIRT    RES    SHR S   %CPU  %MEM     TIME+ COMMAND
33975 andreopo  20   0 14.866g 5.031g  51984 S 1294.1 3.999  12:26.56 python
34242 andreopo  20   0   24680   2972   2012 R 11.765 0.002   0:00.02 top
Thu Apr 19 23:56:27 PDT 2018
             total       used       free     shared    buffers     cached
Mem:           125         17        107          0          0         10
-/+ buffers/cache:          6        118
Swap:            0          0          0
top - 23:56:27 up 28 days, 11:52,  0 users,  load average: 8.91, 11.56, 13.10
Tasks: 890 total,   1 running, 889 sleeping,   0 stopped,   0 zombie
%Cpu(s):  8.0 us,  0.2 sy,  0.0 ni, 91.6 id,  0.2 wa,  0.0 hi,  0.0 si,  0.0 st
KiB Mem:  13189937+total, 18696656 used, 11320272+free,    17672 buffers
KiB Swap:        0 total,        0 used,        0 free. 11333812 cached Mem

  PID USER      PR  NI    VIRT    RES    SHR S   %CPU  %MEM     TIME+ COMMAND
33975 andreopo  20   0 14.803g 4.908g  51984 S 576.47 3.902 227:35.78 python
 8931 root      20   0   79240   5036   4120 S  5.882 0.004   0:28.65 sssd_nss
done-Fri Apr 20 12:34:58 PDT 2018
